{"/Users/charan/Desktop/FOUNDATION/peergenaicertifications/RAG_FOUNDATIONAL/client/src/App.tsx": {"path":"/Users/charan/Desktop/FOUNDATION/peergenaicertifications/RAG_FOUNDATIONAL/client/src/App.tsx","all":false,"statementMap":{"0":{"start":{"line":1,"column":0},"end":{"line":1,"column":39}},"16":{"start":{"line":17,"column":0},"end":{"line":17,"column":19}},"17":{"start":{"line":18,"column":0},"end":{"line":18,"column":51}},"19":{"start":{"line":20,"column":0},"end":{"line":20,"column":10}},"20":{"start":{"line":21,"column":0},"end":{"line":21,"column":12}},"21":{"start":{"line":22,"column":0},"end":{"line":22,"column":40}},"22":{"start":{"line":23,"column":0},"end":{"line":23,"column":46}},"24":{"start":{"line":25,"column":0},"end":{"line":25,"column":10}},"25":{"start":{"line":26,"column":0},"end":{"line":26,"column":50}},"26":{"start":{"line":27,"column":0},"end":{"line":27,"column":53}},"27":{"start":{"line":28,"column":0},"end":{"line":28,"column":49}},"28":{"start":{"line":29,"column":0},"end":{"line":29,"column":11}},"30":{"start":{"line":31,"column":0},"end":{"line":31,"column":36}},"31":{"start":{"line":32,"column":0},"end":{"line":32,"column":13}},"33":{"start":{"line":34,"column":0},"end":{"line":34,"column":1}},"35":{"start":{"line":36,"column":0},"end":{"line":36,"column":29}},"36":{"start":{"line":37,"column":0},"end":{"line":37,"column":51}},"39":{"start":{"line":40,"column":0},"end":{"line":40,"column":17}},"40":{"start":{"line":41,"column":0},"end":{"line":41,"column":59}},"41":{"start":{"line":42,"column":0},"end":{"line":42,"column":57}},"42":{"start":{"line":43,"column":0},"end":{"line":43,"column":4}},"44":{"start":{"line":45,"column":0},"end":{"line":45,"column":38}},"45":{"start":{"line":46,"column":0},"end":{"line":46,"column":12}},"46":{"start":{"line":47,"column":0},"end":{"line":47,"column":36}},"47":{"start":{"line":48,"column":0},"end":{"line":48,"column":146}},"48":{"start":{"line":49,"column":0},"end":{"line":49,"column":25}},"49":{"start":{"line":50,"column":0},"end":{"line":50,"column":17}},"50":{"start":{"line":51,"column":0},"end":{"line":51,"column":18}},"51":{"start":{"line":52,"column":0},"end":{"line":52,"column":12}},"53":{"start":{"line":54,"column":0},"end":{"line":54,"column":3}},"55":{"start":{"line":56,"column":0},"end":{"line":56,"column":10}},"56":{"start":{"line":57,"column":0},"end":{"line":57,"column":58}},"57":{"start":{"line":58,"column":0},"end":{"line":58,"column":44}},"58":{"start":{"line":59,"column":0},"end":{"line":59,"column":22}},"59":{"start":{"line":60,"column":0},"end":{"line":60,"column":46}},"60":{"start":{"line":61,"column":0},"end":{"line":61,"column":152}},"61":{"start":{"line":62,"column":0},"end":{"line":62,"column":66}},"62":{"start":{"line":63,"column":0},"end":{"line":63,"column":53}},"63":{"start":{"line":64,"column":0},"end":{"line":64,"column":29}},"64":{"start":{"line":65,"column":0},"end":{"line":65,"column":21}},"65":{"start":{"line":66,"column":0},"end":{"line":66,"column":68}},"66":{"start":{"line":67,"column":0},"end":{"line":67,"column":97}},"67":{"start":{"line":68,"column":0},"end":{"line":68,"column":43}},"68":{"start":{"line":69,"column":0},"end":{"line":69,"column":15}},"70":{"start":{"line":71,"column":0},"end":{"line":71,"column":23}},"71":{"start":{"line":72,"column":0},"end":{"line":72,"column":18}},"72":{"start":{"line":73,"column":0},"end":{"line":73,"column":19}},"73":{"start":{"line":74,"column":0},"end":{"line":74,"column":49}},"74":{"start":{"line":75,"column":0},"end":{"line":75,"column":22}},"75":{"start":{"line":76,"column":0},"end":{"line":76,"column":17}},"76":{"start":{"line":77,"column":0},"end":{"line":77,"column":14}},"77":{"start":{"line":78,"column":0},"end":{"line":78,"column":12}},"78":{"start":{"line":79,"column":0},"end":{"line":79,"column":22}},"80":{"start":{"line":81,"column":0},"end":{"line":81,"column":1}},"82":{"start":{"line":83,"column":0},"end":{"line":83,"column":31}},"83":{"start":{"line":84,"column":0},"end":{"line":84,"column":10}},"84":{"start":{"line":85,"column":0},"end":{"line":85,"column":46}},"85":{"start":{"line":86,"column":0},"end":{"line":86,"column":43}},"86":{"start":{"line":87,"column":0},"end":{"line":87,"column":25}},"87":{"start":{"line":88,"column":0},"end":{"line":88,"column":30}},"88":{"start":{"line":89,"column":0},"end":{"line":89,"column":21}},"89":{"start":{"line":90,"column":0},"end":{"line":90,"column":26}},"90":{"start":{"line":91,"column":0},"end":{"line":91,"column":22}},"91":{"start":{"line":92,"column":0},"end":{"line":92,"column":26}},"93":{"start":{"line":94,"column":0},"end":{"line":94,"column":1}}},"s":{"0":1,"16":6,"17":6,"19":6,"20":6,"21":6,"22":4,"24":2,"25":2,"26":2,"27":2,"28":2,"30":6,"31":6,"33":6,"35":6,"36":6,"39":6,"40":6,"41":6,"42":6,"44":6,"45":4,"46":4,"47":4,"48":4,"49":4,"50":4,"51":4,"53":4,"55":2,"56":2,"57":2,"58":2,"59":2,"60":2,"61":2,"62":2,"63":2,"64":2,"65":2,"66":2,"67":2,"68":2,"70":2,"71":2,"72":2,"73":2,"74":2,"75":2,"76":2,"77":2,"78":2,"80":2,"82":6,"83":6,"84":6,"85":6,"86":6,"87":6,"88":6,"89":6,"90":6,"91":6,"93":6},"branchMap":{"0":{"type":"branch","line":17,"loc":{"start":{"line":17,"column":0},"end":{"line":34,"column":1}},"locations":[{"start":{"line":17,"column":0},"end":{"line":34,"column":1}}]},"1":{"type":"branch","line":22,"loc":{"start":{"line":22,"column":7},"end":{"line":22,"column":40}},"locations":[{"start":{"line":22,"column":7},"end":{"line":22,"column":40}}]},"2":{"type":"branch","line":22,"loc":{"start":{"line":22,"column":21},"end":{"line":23,"column":46}},"locations":[{"start":{"line":22,"column":21},"end":{"line":23,"column":46}}]},"3":{"type":"branch","line":23,"loc":{"start":{"line":23,"column":44},"end":{"line":29,"column":11}},"locations":[{"start":{"line":23,"column":44},"end":{"line":29,"column":11}}]},"4":{"type":"branch","line":36,"loc":{"start":{"line":36,"column":0},"end":{"line":81,"column":1}},"locations":[{"start":{"line":36,"column":0},"end":{"line":81,"column":1}}]},"5":{"type":"branch","line":45,"loc":{"start":{"line":45,"column":6},"end":{"line":45,"column":37}},"locations":[{"start":{"line":45,"column":6},"end":{"line":45,"column":37}}]},"6":{"type":"branch","line":45,"loc":{"start":{"line":45,"column":37},"end":{"line":54,"column":3}},"locations":[{"start":{"line":45,"column":37},"end":{"line":54,"column":3}}]},"7":{"type":"branch","line":54,"loc":{"start":{"line":54,"column":2},"end":{"line":81,"column":1}},"locations":[{"start":{"line":54,"column":2},"end":{"line":81,"column":1}}]},"8":{"type":"branch","line":66,"loc":{"start":{"line":66,"column":25},"end":{"line":66,"column":68}},"locations":[{"start":{"line":66,"column":25},"end":{"line":66,"column":68}}]},"9":{"type":"branch","line":83,"loc":{"start":{"line":83,"column":0},"end":{"line":94,"column":1}},"locations":[{"start":{"line":83,"column":0},"end":{"line":94,"column":1}}]}},"b":{"0":[6],"1":[5],"2":[4],"3":[2],"4":[6],"5":[5],"6":[4],"7":[2],"8":[1],"9":[6]},"fnMap":{"0":{"name":"Router","decl":{"start":{"line":17,"column":0},"end":{"line":34,"column":1}},"loc":{"start":{"line":17,"column":0},"end":{"line":34,"column":1}},"line":17},"1":{"name":"AuthenticatedApp","decl":{"start":{"line":36,"column":0},"end":{"line":81,"column":1}},"loc":{"start":{"line":36,"column":0},"end":{"line":81,"column":1}},"line":36},"2":{"name":"onClick","decl":{"start":{"line":66,"column":25},"end":{"line":66,"column":68}},"loc":{"start":{"line":66,"column":25},"end":{"line":66,"column":68}},"line":66},"3":{"name":"App","decl":{"start":{"line":83,"column":0},"end":{"line":94,"column":1}},"loc":{"start":{"line":83,"column":0},"end":{"line":94,"column":1}},"line":83}},"f":{"0":6,"1":6,"2":1,"3":6}}
,"/Users/charan/Desktop/FOUNDATION/peergenaicertifications/RAG_FOUNDATIONAL/client/src/main.tsx": {"path":"/Users/charan/Desktop/FOUNDATION/peergenaicertifications/RAG_FOUNDATIONAL/client/src/main.tsx","all":false,"statementMap":{"0":{"start":{"line":1,"column":0},"end":{"line":1,"column":46}},"1":{"start":{"line":2,"column":0},"end":{"line":2,"column":24}},"2":{"start":{"line":3,"column":0},"end":{"line":3,"column":21}},"4":{"start":{"line":5,"column":0},"end":{"line":5,"column":61}}},"s":{"0":1,"1":1,"2":1,"4":1},"branchMap":{},"b":{},"fnMap":{},"f":{}}
,"/Users/charan/Desktop/FOUNDATION/peergenaicertifications/RAG_FOUNDATIONAL/client/src/components/app-sidebar.tsx": {"path":"/Users/charan/Desktop/FOUNDATION/peergenaicertifications/RAG_FOUNDATIONAL/client/src/components/app-sidebar.tsx","all":false,"statementMap":{"0":{"start":{"line":1,"column":0},"end":{"line":1,"column":79}},"15":{"start":{"line":16,"column":0},"end":{"line":16,"column":19}},"16":{"start":{"line":17,"column":0},"end":{"line":17,"column":3}},"17":{"start":{"line":18,"column":0},"end":{"line":18,"column":23}},"18":{"start":{"line":19,"column":0},"end":{"line":19,"column":13}},"19":{"start":{"line":20,"column":0},"end":{"line":20,"column":26}},"20":{"start":{"line":21,"column":0},"end":{"line":21,"column":4}},"21":{"start":{"line":22,"column":0},"end":{"line":22,"column":3}},"22":{"start":{"line":23,"column":0},"end":{"line":23,"column":24}},"23":{"start":{"line":24,"column":0},"end":{"line":24,"column":19}},"24":{"start":{"line":25,"column":0},"end":{"line":25,"column":17}},"25":{"start":{"line":26,"column":0},"end":{"line":26,"column":4}},"26":{"start":{"line":27,"column":0},"end":{"line":27,"column":3}},"27":{"start":{"line":28,"column":0},"end":{"line":28,"column":18}},"28":{"start":{"line":29,"column":0},"end":{"line":29,"column":17}},"29":{"start":{"line":30,"column":0},"end":{"line":30,"column":24}},"30":{"start":{"line":31,"column":0},"end":{"line":31,"column":4}},"31":{"start":{"line":32,"column":0},"end":{"line":32,"column":1}},"33":{"start":{"line":34,"column":0},"end":{"line":34,"column":30}},"34":{"start":{"line":35,"column":0},"end":{"line":35,"column":34}},"36":{"start":{"line":37,"column":0},"end":{"line":37,"column":10}},"37":{"start":{"line":38,"column":0},"end":{"line":38,"column":40}},"38":{"start":{"line":39,"column":0},"end":{"line":39,"column":37}},"39":{"start":{"line":40,"column":0},"end":{"line":40,"column":49}},"40":{"start":{"line":41,"column":0},"end":{"line":41,"column":55}},"41":{"start":{"line":42,"column":0},"end":{"line":42,"column":60}},"42":{"start":{"line":43,"column":0},"end":{"line":43,"column":14}},"43":{"start":{"line":44,"column":0},"end":{"line":44,"column":22}},"44":{"start":{"line":45,"column":0},"end":{"line":45,"column":22}},"45":{"start":{"line":46,"column":0},"end":{"line":46,"column":22}},"46":{"start":{"line":47,"column":0},"end":{"line":47,"column":59}},"47":{"start":{"line":48,"column":0},"end":{"line":48,"column":31}},"48":{"start":{"line":49,"column":0},"end":{"line":49,"column":25}},"49":{"start":{"line":50,"column":0},"end":{"line":50,"column":40}},"50":{"start":{"line":51,"column":0},"end":{"line":51,"column":50}},"51":{"start":{"line":52,"column":0},"end":{"line":52,"column":78}},"52":{"start":{"line":53,"column":0},"end":{"line":53,"column":108}},"53":{"start":{"line":54,"column":0},"end":{"line":54,"column":35}},"54":{"start":{"line":55,"column":0},"end":{"line":55,"column":47}},"55":{"start":{"line":56,"column":0},"end":{"line":56,"column":27}},"56":{"start":{"line":57,"column":0},"end":{"line":57,"column":38}},"57":{"start":{"line":58,"column":0},"end":{"line":58,"column":34}},"58":{"start":{"line":59,"column":0},"end":{"line":59,"column":17}},"59":{"start":{"line":60,"column":0},"end":{"line":60,"column":26}},"60":{"start":{"line":61,"column":0},"end":{"line":61,"column":32}},"61":{"start":{"line":62,"column":0},"end":{"line":62,"column":23}},"62":{"start":{"line":63,"column":0},"end":{"line":63,"column":23}},"63":{"start":{"line":64,"column":0},"end":{"line":64,"column":14}},"65":{"start":{"line":66,"column":0},"end":{"line":66,"column":1}}},"s":{"0":1,"15":1,"16":1,"17":1,"18":1,"19":1,"20":1,"21":1,"22":1,"23":1,"24":1,"25":1,"26":1,"27":1,"28":1,"29":1,"30":1,"31":1,"33":1,"34":4,"36":4,"37":4,"38":4,"39":4,"40":4,"41":4,"42":4,"43":4,"44":4,"45":4,"46":4,"47":4,"48":4,"49":4,"50":12,"51":12,"52":12,"53":12,"54":12,"55":12,"56":12,"57":12,"58":4,"59":4,"60":4,"61":4,"62":4,"63":4,"65":4},"branchMap":{"0":{"type":"branch","line":34,"loc":{"start":{"line":34,"column":7},"end":{"line":66,"column":1}},"locations":[{"start":{"line":34,"column":7},"end":{"line":66,"column":1}}]},"1":{"type":"branch","line":50,"loc":{"start":{"line":50,"column":29},"end":{"line":58,"column":34}},"locations":[{"start":{"line":50,"column":29},"end":{"line":58,"column":34}}]}},"b":{"0":[4],"1":[12]},"fnMap":{"0":{"name":"AppSidebar","decl":{"start":{"line":34,"column":7},"end":{"line":66,"column":1}},"loc":{"start":{"line":34,"column":7},"end":{"line":66,"column":1}},"line":34}},"f":{"0":4}}
,"/Users/charan/Desktop/FOUNDATION/peergenaicertifications/RAG_FOUNDATIONAL/client/src/components/pdf-card.tsx": {"path":"/Users/charan/Desktop/FOUNDATION/peergenaicertifications/RAG_FOUNDATIONAL/client/src/components/pdf-card.tsx","all":false,"statementMap":{"0":{"start":{"line":1,"column":0},"end":{"line":1,"column":67}},"12":{"start":{"line":13,"column":0},"end":{"line":13,"column":70}},"13":{"start":{"line":14,"column":0},"end":{"line":14,"column":45}},"14":{"start":{"line":15,"column":0},"end":{"line":15,"column":37}},"15":{"start":{"line":16,"column":0},"end":{"line":16,"column":18}},"16":{"start":{"line":17,"column":0},"end":{"line":17,"column":45}},"17":{"start":{"line":18,"column":0},"end":{"line":18,"column":55}},"18":{"start":{"line":19,"column":0},"end":{"line":19,"column":75}},"19":{"start":{"line":20,"column":0},"end":{"line":20,"column":3}},"21":{"start":{"line":22,"column":0},"end":{"line":22,"column":45}},"22":{"start":{"line":23,"column":0},"end":{"line":23,"column":31}},"23":{"start":{"line":24,"column":0},"end":{"line":24,"column":45}},"24":{"start":{"line":25,"column":0},"end":{"line":25,"column":21}},"25":{"start":{"line":26,"column":0},"end":{"line":26,"column":21}},"26":{"start":{"line":27,"column":0},"end":{"line":27,"column":22}},"27":{"start":{"line":28,"column":0},"end":{"line":28,"column":29}},"28":{"start":{"line":29,"column":0},"end":{"line":29,"column":3}},"30":{"start":{"line":31,"column":0},"end":{"line":31,"column":10}},"31":{"start":{"line":32,"column":0},"end":{"line":32,"column":99}},"32":{"start":{"line":33,"column":0},"end":{"line":33,"column":35}},"33":{"start":{"line":34,"column":0},"end":{"line":34,"column":64}},"34":{"start":{"line":35,"column":0},"end":{"line":35,"column":66}},"35":{"start":{"line":36,"column":0},"end":{"line":36,"column":58}},"36":{"start":{"line":37,"column":0},"end":{"line":37,"column":59}},"37":{"start":{"line":38,"column":0},"end":{"line":38,"column":18}},"38":{"start":{"line":39,"column":0},"end":{"line":39,"column":44}},"39":{"start":{"line":40,"column":0},"end":{"line":40,"column":98}},"40":{"start":{"line":41,"column":0},"end":{"line":41,"column":34}},"41":{"start":{"line":42,"column":0},"end":{"line":42,"column":19}},"42":{"start":{"line":43,"column":0},"end":{"line":43,"column":64}},"43":{"start":{"line":44,"column":0},"end":{"line":44,"column":46}},"44":{"start":{"line":45,"column":0},"end":{"line":45,"column":18}},"45":{"start":{"line":46,"column":0},"end":{"line":46,"column":18}},"46":{"start":{"line":47,"column":0},"end":{"line":47,"column":16}},"47":{"start":{"line":48,"column":0},"end":{"line":48,"column":14}},"48":{"start":{"line":49,"column":0},"end":{"line":49,"column":19}},"50":{"start":{"line":51,"column":0},"end":{"line":51,"column":41}},"51":{"start":{"line":52,"column":0},"end":{"line":52,"column":35}},"52":{"start":{"line":53,"column":0},"end":{"line":53,"column":29}},"53":{"start":{"line":54,"column":0},"end":{"line":54,"column":83}},"54":{"start":{"line":55,"column":0},"end":{"line":55,"column":48}},"55":{"start":{"line":56,"column":0},"end":{"line":56,"column":18}},"57":{"start":{"line":58,"column":0},"end":{"line":58,"column":81}},"58":{"start":{"line":59,"column":0},"end":{"line":59,"column":44}},"59":{"start":{"line":60,"column":0},"end":{"line":60,"column":62}},"60":{"start":{"line":61,"column":0},"end":{"line":61,"column":16}},"61":{"start":{"line":62,"column":0},"end":{"line":62,"column":38}},"62":{"start":{"line":63,"column":0},"end":{"line":63,"column":59}},"63":{"start":{"line":64,"column":0},"end":{"line":64,"column":60}},"64":{"start":{"line":65,"column":0},"end":{"line":65,"column":20}},"65":{"start":{"line":66,"column":0},"end":{"line":66,"column":16}},"66":{"start":{"line":67,"column":0},"end":{"line":67,"column":14}},"67":{"start":{"line":68,"column":0},"end":{"line":68,"column":20}},"69":{"start":{"line":70,"column":0},"end":{"line":70,"column":46}},"70":{"start":{"line":71,"column":0},"end":{"line":71,"column":15}},"71":{"start":{"line":72,"column":0},"end":{"line":72,"column":19}},"72":{"start":{"line":73,"column":0},"end":{"line":73,"column":27}},"73":{"start":{"line":74,"column":0},"end":{"line":74,"column":46}},"74":{"start":{"line":75,"column":0},"end":{"line":75,"column":51}},"75":{"start":{"line":76,"column":0},"end":{"line":76,"column":28}},"77":{"start":{"line":78,"column":0},"end":{"line":78,"column":47}},"79":{"start":{"line":80,"column":0},"end":{"line":80,"column":17}},"80":{"start":{"line":81,"column":0},"end":{"line":81,"column":15}},"81":{"start":{"line":82,"column":0},"end":{"line":82,"column":19}},"82":{"start":{"line":83,"column":0},"end":{"line":83,"column":27}},"83":{"start":{"line":84,"column":0},"end":{"line":84,"column":44}},"84":{"start":{"line":85,"column":0},"end":{"line":85,"column":49}},"86":{"start":{"line":87,"column":0},"end":{"line":87,"column":40}},"87":{"start":{"line":88,"column":0},"end":{"line":88,"column":17}},"88":{"start":{"line":89,"column":0},"end":{"line":89,"column":19}},"89":{"start":{"line":90,"column":0},"end":{"line":90,"column":11}},"91":{"start":{"line":92,"column":0},"end":{"line":92,"column":1}}},"s":{"0":1,"12":1,"13":18,"14":18,"15":18,"16":18,"17":18,"18":18,"19":18,"21":18,"22":18,"23":17,"24":17,"25":17,"26":17,"27":17,"28":18,"30":18,"31":18,"32":18,"33":18,"34":18,"35":18,"36":18,"37":18,"38":18,"39":18,"40":18,"41":18,"42":18,"43":18,"44":18,"45":18,"46":18,"47":18,"48":18,"50":18,"51":18,"52":18,"53":17,"54":17,"55":17,"57":18,"58":18,"59":18,"60":18,"61":18,"62":18,"63":18,"64":18,"65":18,"66":18,"67":18,"69":18,"70":18,"71":18,"72":18,"73":18,"74":18,"75":18,"77":18,"79":18,"80":18,"81":18,"82":18,"83":18,"84":18,"86":18,"87":18,"88":18,"89":18,"91":18},"branchMap":{"0":{"type":"branch","line":13,"loc":{"start":{"line":13,"column":7},"end":{"line":92,"column":1}},"locations":[{"start":{"line":13,"column":7},"end":{"line":92,"column":1}}]},"1":{"type":"branch","line":53,"loc":{"start":{"line":53,"column":15},"end":{"line":56,"column":18}},"locations":[{"start":{"line":53,"column":15},"end":{"line":56,"column":18}}]},"2":{"type":"branch","line":64,"loc":{"start":{"line":64,"column":19},"end":{"line":64,"column":47}},"locations":[{"start":{"line":64,"column":19},"end":{"line":64,"column":47}}]},"3":{"type":"branch","line":64,"loc":{"start":{"line":64,"column":33},"end":{"line":64,"column":60}},"locations":[{"start":{"line":64,"column":33},"end":{"line":64,"column":60}}]},"4":{"type":"branch","line":14,"loc":{"start":{"line":14,"column":25},"end":{"line":20,"column":3}},"locations":[{"start":{"line":14,"column":25},"end":{"line":20,"column":3}}]},"5":{"type":"branch","line":15,"loc":{"start":{"line":15,"column":21},"end":{"line":15,"column":37}},"locations":[{"start":{"line":15,"column":21},"end":{"line":15,"column":37}}]},"6":{"type":"branch","line":22,"loc":{"start":{"line":22,"column":21},"end":{"line":29,"column":3}},"locations":[{"start":{"line":22,"column":21},"end":{"line":29,"column":3}}]},"7":{"type":"branch","line":23,"loc":{"start":{"line":23,"column":15},"end":{"line":23,"column":31}},"locations":[{"start":{"line":23,"column":15},"end":{"line":23,"column":31}}]},"8":{"type":"branch","line":23,"loc":{"start":{"line":23,"column":22},"end":{"line":28,"column":29}},"locations":[{"start":{"line":23,"column":22},"end":{"line":28,"column":29}}]},"9":{"type":"branch","line":74,"loc":{"start":{"line":74,"column":19},"end":{"line":74,"column":46}},"locations":[{"start":{"line":74,"column":19},"end":{"line":74,"column":46}}]},"10":{"type":"branch","line":74,"loc":{"start":{"line":74,"column":25},"end":{"line":74,"column":46}},"locations":[{"start":{"line":74,"column":25},"end":{"line":74,"column":46}}]},"11":{"type":"branch","line":84,"loc":{"start":{"line":84,"column":19},"end":{"line":84,"column":44}},"locations":[{"start":{"line":84,"column":19},"end":{"line":84,"column":44}}]},"12":{"type":"branch","line":84,"loc":{"start":{"line":84,"column":25},"end":{"line":84,"column":44}},"locations":[{"start":{"line":84,"column":25},"end":{"line":84,"column":44}}]}},"b":{"0":[18],"1":[17],"2":[16],"3":[2],"4":[18],"5":[0],"6":[18],"7":[1],"8":[17],"9":[3],"10":[2],"11":[3],"12":[2]},"fnMap":{"0":{"name":"PdfCard","decl":{"start":{"line":13,"column":7},"end":{"line":92,"column":1}},"loc":{"start":{"line":13,"column":7},"end":{"line":92,"column":1}},"line":13},"1":{"name":"formatFileSize","decl":{"start":{"line":14,"column":25},"end":{"line":20,"column":3}},"loc":{"start":{"line":14,"column":25},"end":{"line":20,"column":3}},"line":14},"2":{"name":"formatDate","decl":{"start":{"line":22,"column":21},"end":{"line":29,"column":3}},"loc":{"start":{"line":22,"column":21},"end":{"line":29,"column":3}},"line":22},"3":{"name":"onClick","decl":{"start":{"line":74,"column":19},"end":{"line":74,"column":46}},"loc":{"start":{"line":74,"column":19},"end":{"line":74,"column":46}},"line":74},"4":{"name":"onClick","decl":{"start":{"line":84,"column":19},"end":{"line":84,"column":44}},"loc":{"start":{"line":84,"column":19},"end":{"line":84,"column":44}},"line":84}},"f":{"0":18,"1":18,"2":18,"3":3,"4":3}}
,"/Users/charan/Desktop/FOUNDATION/peergenaicertifications/RAG_FOUNDATIONAL/client/src/components/theme-provider.tsx": {"path":"/Users/charan/Desktop/FOUNDATION/peergenaicertifications/RAG_FOUNDATIONAL/client/src/components/theme-provider.tsx","all":false,"statementMap":{"0":{"start":{"line":1,"column":0},"end":{"line":1,"column":70}},"15":{"start":{"line":16,"column":0},"end":{"line":16,"column":42}},"16":{"start":{"line":17,"column":0},"end":{"line":17,"column":18}},"17":{"start":{"line":18,"column":0},"end":{"line":18,"column":23}},"18":{"start":{"line":19,"column":0},"end":{"line":19,"column":1}},"20":{"start":{"line":21,"column":0},"end":{"line":21,"column":76}},"22":{"start":{"line":23,"column":0},"end":{"line":23,"column":31}},"23":{"start":{"line":24,"column":0},"end":{"line":24,"column":11}},"24":{"start":{"line":25,"column":0},"end":{"line":25,"column":26}},"25":{"start":{"line":26,"column":0},"end":{"line":26,"column":31}},"26":{"start":{"line":27,"column":0},"end":{"line":27,"column":10}},"27":{"start":{"line":28,"column":0},"end":{"line":28,"column":24}},"28":{"start":{"line":29,"column":0},"end":{"line":29,"column":44}},"29":{"start":{"line":30,"column":0},"end":{"line":30,"column":69}},"30":{"start":{"line":31,"column":0},"end":{"line":31,"column":3}},"32":{"start":{"line":33,"column":0},"end":{"line":33,"column":19}},"33":{"start":{"line":34,"column":0},"end":{"line":34,"column":48}},"35":{"start":{"line":36,"column":0},"end":{"line":36,"column":42}},"37":{"start":{"line":38,"column":0},"end":{"line":38,"column":29}},"38":{"start":{"line":39,"column":0},"end":{"line":39,"column":75}},"39":{"start":{"line":40,"column":0},"end":{"line":40,"column":16}},"40":{"start":{"line":41,"column":0},"end":{"line":41,"column":16}},"41":{"start":{"line":42,"column":0},"end":{"line":42,"column":17}},"43":{"start":{"line":44,"column":0},"end":{"line":44,"column":37}},"44":{"start":{"line":45,"column":0},"end":{"line":45,"column":12}},"45":{"start":{"line":46,"column":0},"end":{"line":46,"column":5}},"47":{"start":{"line":48,"column":0},"end":{"line":48,"column":29}},"48":{"start":{"line":49,"column":0},"end":{"line":49,"column":13}},"50":{"start":{"line":51,"column":0},"end":{"line":51,"column":17}},"51":{"start":{"line":52,"column":0},"end":{"line":52,"column":10}},"52":{"start":{"line":53,"column":0},"end":{"line":53,"column":33}},"53":{"start":{"line":54,"column":0},"end":{"line":54,"column":45}},"54":{"start":{"line":55,"column":0},"end":{"line":55,"column":21}},"55":{"start":{"line":56,"column":0},"end":{"line":56,"column":6}},"56":{"start":{"line":57,"column":0},"end":{"line":57,"column":3}},"58":{"start":{"line":59,"column":0},"end":{"line":59,"column":10}},"59":{"start":{"line":60,"column":0},"end":{"line":60,"column":60}},"60":{"start":{"line":61,"column":0},"end":{"line":61,"column":16}},"61":{"start":{"line":62,"column":0},"end":{"line":62,"column":36}},"63":{"start":{"line":64,"column":0},"end":{"line":64,"column":1}},"65":{"start":{"line":66,"column":0},"end":{"line":66,"column":31}},"66":{"start":{"line":67,"column":0},"end":{"line":67,"column":50}},"68":{"start":{"line":69,"column":0},"end":{"line":69,"column":28}},"69":{"start":{"line":70,"column":0},"end":{"line":70,"column":67}},"71":{"start":{"line":72,"column":0},"end":{"line":72,"column":16}},"72":{"start":{"line":73,"column":0},"end":{"line":73,"column":1}}},"s":{"0":1,"15":1,"16":1,"17":1,"18":1,"20":1,"22":1,"23":82,"24":82,"25":82,"26":82,"27":82,"28":82,"29":82,"30":82,"32":82,"33":80,"35":80,"37":80,"38":6,"39":6,"40":0,"41":6,"43":6,"44":6,"45":6,"47":74,"48":82,"50":82,"51":82,"52":82,"53":0,"54":0,"55":0,"56":82,"58":82,"59":82,"60":82,"61":82,"63":82,"65":1,"66":6,"68":6,"69":6,"71":6,"72":6},"branchMap":{"0":{"type":"branch","line":23,"loc":{"start":{"line":23,"column":7},"end":{"line":64,"column":1}},"locations":[{"start":{"line":23,"column":7},"end":{"line":64,"column":1}}]},"1":{"type":"branch","line":30,"loc":{"start":{"line":30,"column":4},"end":{"line":30,"column":69}},"locations":[{"start":{"line":30,"column":4},"end":{"line":30,"column":69}}]},"2":{"type":"branch","line":33,"loc":{"start":{"line":33,"column":12},"end":{"line":49,"column":5}},"locations":[{"start":{"line":33,"column":12},"end":{"line":49,"column":5}}]},"3":{"type":"branch","line":38,"loc":{"start":{"line":38,"column":28},"end":{"line":46,"column":5}},"locations":[{"start":{"line":38,"column":28},"end":{"line":46,"column":5}}]},"4":{"type":"branch","line":40,"loc":{"start":{"line":40,"column":9},"end":{"line":41,"column":16}},"locations":[{"start":{"line":40,"column":9},"end":{"line":41,"column":16}}]},"5":{"type":"branch","line":46,"loc":{"start":{"line":46,"column":4},"end":{"line":48,"column":29}},"locations":[{"start":{"line":46,"column":4},"end":{"line":48,"column":29}}]},"6":{"type":"branch","line":66,"loc":{"start":{"line":66,"column":24},"end":{"line":73,"column":1}},"locations":[{"start":{"line":66,"column":24},"end":{"line":73,"column":1}}]},"7":{"type":"branch","line":70,"loc":{"start":{"line":70,"column":4},"end":{"line":70,"column":67}},"locations":[{"start":{"line":70,"column":4},"end":{"line":70,"column":67}}]}},"b":{"0":[82],"1":[80],"2":[80],"3":[6],"4":[0],"5":[74],"6":[6],"7":[0]},"fnMap":{"0":{"name":"setTheme","decl":{"start":{"line":18,"column":12},"end":{"line":18,"column":23}},"loc":{"start":{"line":18,"column":12},"end":{"line":18,"column":23}},"line":18},"1":{"name":"ThemeProvider","decl":{"start":{"line":23,"column":7},"end":{"line":64,"column":1}},"loc":{"start":{"line":23,"column":7},"end":{"line":64,"column":1}},"line":23},"2":{"name":"setTheme","decl":{"start":{"line":53,"column":14},"end":{"line":56,"column":6}},"loc":{"start":{"line":53,"column":14},"end":{"line":56,"column":6}},"line":53},"3":{"name":"useTheme","decl":{"start":{"line":66,"column":24},"end":{"line":73,"column":1}},"loc":{"start":{"line":66,"column":24},"end":{"line":73,"column":1}},"line":66}},"f":{"0":0,"1":82,"2":0,"3":6}}
,"/Users/charan/Desktop/FOUNDATION/peergenaicertifications/RAG_FOUNDATIONAL/client/src/components/theme-toggle.tsx": {"path":"/Users/charan/Desktop/FOUNDATION/peergenaicertifications/RAG_FOUNDATIONAL/client/src/components/theme-toggle.tsx","all":false,"statementMap":{"0":{"start":{"line":1,"column":0},"end":{"line":1,"column":40}},"4":{"start":{"line":5,"column":0},"end":{"line":5,"column":31}},"5":{"start":{"line":6,"column":0},"end":{"line":6,"column":40}},"7":{"start":{"line":8,"column":0},"end":{"line":8,"column":10}},"8":{"start":{"line":9,"column":0},"end":{"line":9,"column":11}},"9":{"start":{"line":10,"column":0},"end":{"line":10,"column":21}},"10":{"start":{"line":11,"column":0},"end":{"line":11,"column":17}},"11":{"start":{"line":12,"column":0},"end":{"line":12,"column":68}},"12":{"start":{"line":13,"column":0},"end":{"line":13,"column":39}},"14":{"start":{"line":15,"column":0},"end":{"line":15,"column":110}},"15":{"start":{"line":16,"column":0},"end":{"line":16,"column":119}},"16":{"start":{"line":17,"column":0},"end":{"line":17,"column":51}},"17":{"start":{"line":18,"column":0},"end":{"line":18,"column":13}},"19":{"start":{"line":20,"column":0},"end":{"line":20,"column":1}}},"s":{"0":1,"4":1,"5":6,"7":6,"8":6,"9":6,"10":6,"11":6,"12":6,"14":6,"15":6,"16":6,"17":6,"19":6},"branchMap":{"0":{"type":"branch","line":5,"loc":{"start":{"line":5,"column":7},"end":{"line":20,"column":1}},"locations":[{"start":{"line":5,"column":7},"end":{"line":20,"column":1}}]}},"b":{"0":[6]},"fnMap":{"0":{"name":"ThemeToggle","decl":{"start":{"line":5,"column":7},"end":{"line":20,"column":1}},"loc":{"start":{"line":5,"column":7},"end":{"line":20,"column":1}},"line":5},"1":{"name":"onClick","decl":{"start":{"line":12,"column":15},"end":{"line":12,"column":68}},"loc":{"start":{"line":12,"column":15},"end":{"line":12,"column":68}},"line":12}},"f":{"0":6,"1":0}}
,"/Users/charan/Desktop/FOUNDATION/peergenaicertifications/RAG_FOUNDATIONAL/client/src/components/upload-zone.tsx": {"path":"/Users/charan/Desktop/FOUNDATION/peergenaicertifications/RAG_FOUNDATIONAL/client/src/components/upload-zone.tsx","all":false,"statementMap":{"0":{"start":{"line":1,"column":0},"end":{"line":1,"column":32}},"18":{"start":{"line":19,"column":0},"end":{"line":19,"column":70}},"19":{"start":{"line":20,"column":0},"end":{"line":20,"column":53}},"20":{"start":{"line":21,"column":0},"end":{"line":21,"column":58}},"21":{"start":{"line":22,"column":0},"end":{"line":22,"column":70}},"23":{"start":{"line":24,"column":0},"end":{"line":24,"column":50}},"24":{"start":{"line":25,"column":0},"end":{"line":25,"column":22}},"25":{"start":{"line":26,"column":0},"end":{"line":26,"column":23}},"26":{"start":{"line":27,"column":0},"end":{"line":27,"column":3}},"28":{"start":{"line":29,"column":0},"end":{"line":29,"column":51}},"29":{"start":{"line":30,"column":0},"end":{"line":30,"column":22}},"30":{"start":{"line":31,"column":0},"end":{"line":31,"column":24}},"31":{"start":{"line":32,"column":0},"end":{"line":32,"column":3}},"33":{"start":{"line":34,"column":0},"end":{"line":34,"column":46}},"34":{"start":{"line":35,"column":0},"end":{"line":35,"column":22}},"35":{"start":{"line":36,"column":0},"end":{"line":36,"column":24}},"37":{"start":{"line":38,"column":0},"end":{"line":38,"column":50}},"38":{"start":{"line":39,"column":0},"end":{"line":39,"column":54}},"39":{"start":{"line":40,"column":0},"end":{"line":40,"column":61}},"41":{"start":{"line":42,"column":0},"end":{"line":42,"column":61}},"42":{"start":{"line":43,"column":0},"end":{"line":43,"column":86}},"43":{"start":{"line":44,"column":0},"end":{"line":44,"column":5}},"44":{"start":{"line":45,"column":0},"end":{"line":45,"column":30}},"46":{"start":{"line":47,"column":0},"end":{"line":47,"column":91}},"47":{"start":{"line":48,"column":0},"end":{"line":48,"column":5}},"49":{"start":{"line":50,"column":0},"end":{"line":50,"column":27}},"50":{"start":{"line":51,"column":0},"end":{"line":51,"column":24}},"51":{"start":{"line":52,"column":0},"end":{"line":52,"column":5}},"52":{"start":{"line":53,"column":0},"end":{"line":53,"column":3}},"54":{"start":{"line":55,"column":0},"end":{"line":55,"column":71}},"55":{"start":{"line":56,"column":0},"end":{"line":56,"column":50}},"56":{"start":{"line":57,"column":0},"end":{"line":57,"column":27}},"57":{"start":{"line":58,"column":0},"end":{"line":58,"column":27}},"58":{"start":{"line":59,"column":0},"end":{"line":59,"column":56}},"59":{"start":{"line":60,"column":0},"end":{"line":60,"column":63}},"60":{"start":{"line":61,"column":0},"end":{"line":61,"column":117}},"61":{"start":{"line":62,"column":0},"end":{"line":62,"column":32}},"63":{"start":{"line":64,"column":0},"end":{"line":64,"column":93}},"64":{"start":{"line":65,"column":0},"end":{"line":65,"column":7}},"65":{"start":{"line":66,"column":0},"end":{"line":66,"column":26}},"66":{"start":{"line":67,"column":0},"end":{"line":67,"column":5}},"67":{"start":{"line":68,"column":0},"end":{"line":68,"column":3}},"69":{"start":{"line":70,"column":0},"end":{"line":70,"column":42}},"70":{"start":{"line":71,"column":0},"end":{"line":71,"column":57}},"71":{"start":{"line":72,"column":0},"end":{"line":72,"column":50}},"72":{"start":{"line":73,"column":0},"end":{"line":73,"column":11}},"73":{"start":{"line":74,"column":0},"end":{"line":74,"column":18}},"74":{"start":{"line":75,"column":0},"end":{"line":75,"column":34}},"75":{"start":{"line":76,"column":0},"end":{"line":76,"column":7}},"77":{"start":{"line":78,"column":0},"end":{"line":78,"column":48}},"80":{"start":{"line":81,"column":0},"end":{"line":81,"column":21}},"83":{"start":{"line":84,"column":0},"end":{"line":84,"column":34}},"84":{"start":{"line":85,"column":0},"end":{"line":85,"column":22}},"85":{"start":{"line":86,"column":0},"end":{"line":86,"column":42}},"86":{"start":{"line":87,"column":0},"end":{"line":87,"column":42}},"87":{"start":{"line":88,"column":0},"end":{"line":88,"column":30}},"88":{"start":{"line":89,"column":0},"end":{"line":89,"column":24}},"89":{"start":{"line":90,"column":0},"end":{"line":90,"column":33}},"90":{"start":{"line":91,"column":0},"end":{"line":91,"column":43}},"91":{"start":{"line":92,"column":0},"end":{"line":92,"column":81}},"92":{"start":{"line":93,"column":0},"end":{"line":93,"column":12}},"93":{"start":{"line":94,"column":0},"end":{"line":94,"column":16}},"94":{"start":{"line":95,"column":0},"end":{"line":95,"column":43}},"95":{"start":{"line":96,"column":0},"end":{"line":96,"column":55}},"96":{"start":{"line":97,"column":0},"end":{"line":97,"column":12}},"97":{"start":{"line":98,"column":0},"end":{"line":98,"column":9}},"98":{"start":{"line":99,"column":0},"end":{"line":99,"column":13}},"99":{"start":{"line":100,"column":0},"end":{"line":100,"column":6}},"100":{"start":{"line":101,"column":0},"end":{"line":101,"column":3}},"102":{"start":{"line":103,"column":0},"end":{"line":103,"column":40}},"103":{"start":{"line":104,"column":0},"end":{"line":104,"column":53}},"104":{"start":{"line":105,"column":0},"end":{"line":105,"column":3}},"106":{"start":{"line":107,"column":0},"end":{"line":107,"column":45}},"107":{"start":{"line":108,"column":0},"end":{"line":108,"column":37}},"108":{"start":{"line":109,"column":0},"end":{"line":109,"column":18}},"109":{"start":{"line":110,"column":0},"end":{"line":110,"column":45}},"110":{"start":{"line":111,"column":0},"end":{"line":111,"column":55}},"111":{"start":{"line":112,"column":0},"end":{"line":112,"column":75}},"112":{"start":{"line":113,"column":0},"end":{"line":113,"column":3}},"114":{"start":{"line":115,"column":0},"end":{"line":115,"column":10}},"115":{"start":{"line":116,"column":0},"end":{"line":116,"column":31}},"116":{"start":{"line":117,"column":0},"end":{"line":117,"column":12}},"117":{"start":{"line":118,"column":0},"end":{"line":118,"column":63}},"118":{"start":{"line":119,"column":0},"end":{"line":119,"column":83}},"119":{"start":{"line":120,"column":0},"end":{"line":120,"column":11}},"120":{"start":{"line":121,"column":0},"end":{"line":121,"column":35}},"121":{"start":{"line":122,"column":0},"end":{"line":122,"column":37}},"122":{"start":{"line":123,"column":0},"end":{"line":123,"column":27}},"123":{"start":{"line":124,"column":0},"end":{"line":124,"column":33}},"125":{"start":{"line":126,"column":0},"end":{"line":126,"column":93}},"126":{"start":{"line":127,"column":0},"end":{"line":127,"column":106}},"127":{"start":{"line":128,"column":0},"end":{"line":128,"column":76}},"128":{"start":{"line":129,"column":0},"end":{"line":129,"column":61}},"130":{"start":{"line":131,"column":0},"end":{"line":131,"column":14}},"131":{"start":{"line":132,"column":0},"end":{"line":132,"column":16}},"132":{"start":{"line":133,"column":0},"end":{"line":133,"column":23}},"133":{"start":{"line":134,"column":0},"end":{"line":134,"column":20}},"134":{"start":{"line":135,"column":0},"end":{"line":135,"column":25}},"135":{"start":{"line":136,"column":0},"end":{"line":136,"column":38}},"136":{"start":{"line":137,"column":0},"end":{"line":137,"column":30}},"137":{"start":{"line":138,"column":0},"end":{"line":138,"column":28}},"138":{"start":{"line":139,"column":0},"end":{"line":139,"column":43}},"139":{"start":{"line":140,"column":0},"end":{"line":140,"column":12}},"140":{"start":{"line":141,"column":0},"end":{"line":141,"column":60}},"141":{"start":{"line":142,"column":0},"end":{"line":142,"column":68}},"143":{"start":{"line":144,"column":0},"end":{"line":144,"column":20}},"144":{"start":{"line":145,"column":0},"end":{"line":145,"column":19}},"145":{"start":{"line":146,"column":0},"end":{"line":146,"column":60}},"146":{"start":{"line":147,"column":0},"end":{"line":147,"column":52}},"147":{"start":{"line":148,"column":0},"end":{"line":148,"column":14}},"148":{"start":{"line":149,"column":0},"end":{"line":149,"column":22}},"149":{"start":{"line":150,"column":0},"end":{"line":150,"column":13}},"151":{"start":{"line":152,"column":0},"end":{"line":152,"column":30}},"152":{"start":{"line":153,"column":0},"end":{"line":153,"column":40}},"153":{"start":{"line":154,"column":0},"end":{"line":154,"column":58}},"154":{"start":{"line":155,"column":0},"end":{"line":155,"column":36}},"155":{"start":{"line":156,"column":0},"end":{"line":156,"column":91}},"156":{"start":{"line":157,"column":0},"end":{"line":157,"column":55}},"157":{"start":{"line":158,"column":0},"end":{"line":158,"column":75}},"158":{"start":{"line":159,"column":0},"end":{"line":159,"column":48}},"159":{"start":{"line":160,"column":0},"end":{"line":160,"column":74}},"160":{"start":{"line":161,"column":0},"end":{"line":161,"column":86}},"161":{"start":{"line":162,"column":0},"end":{"line":162,"column":61}},"162":{"start":{"line":163,"column":0},"end":{"line":163,"column":57}},"163":{"start":{"line":164,"column":0},"end":{"line":164,"column":74}},"165":{"start":{"line":166,"column":0},"end":{"line":166,"column":29}},"166":{"start":{"line":167,"column":0},"end":{"line":167,"column":33}},"167":{"start":{"line":168,"column":0},"end":{"line":168,"column":39}},"168":{"start":{"line":169,"column":0},"end":{"line":169,"column":63}},"169":{"start":{"line":170,"column":0},"end":{"line":170,"column":73}},"171":{"start":{"line":172,"column":0},"end":{"line":172,"column":49}},"172":{"start":{"line":173,"column":0},"end":{"line":173,"column":31}},"173":{"start":{"line":174,"column":0},"end":{"line":174,"column":26}},"174":{"start":{"line":175,"column":0},"end":{"line":175,"column":24}},"175":{"start":{"line":176,"column":0},"end":{"line":176,"column":94}},"176":{"start":{"line":177,"column":0},"end":{"line":177,"column":67}},"177":{"start":{"line":178,"column":0},"end":{"line":178,"column":34}},"178":{"start":{"line":179,"column":0},"end":{"line":179,"column":114}},"179":{"start":{"line":180,"column":0},"end":{"line":180,"column":24}},"180":{"start":{"line":181,"column":0},"end":{"line":181,"column":53}},"181":{"start":{"line":182,"column":0},"end":{"line":182,"column":72}},"183":{"start":{"line":184,"column":0},"end":{"line":184,"column":22}},"184":{"start":{"line":185,"column":0},"end":{"line":185,"column":20}},"185":{"start":{"line":186,"column":0},"end":{"line":186,"column":19}},"186":{"start":{"line":187,"column":0},"end":{"line":187,"column":13}},"187":{"start":{"line":188,"column":0},"end":{"line":188,"column":14}},"189":{"start":{"line":190,"column":0},"end":{"line":190,"column":10}},"191":{"start":{"line":192,"column":0},"end":{"line":192,"column":1}}},"s":{"0":1,"18":1,"19":44,"20":44,"21":44,"23":44,"24":2,"25":2,"26":2,"28":44,"29":0,"30":0,"31":0,"33":44,"34":1,"35":1,"37":1,"38":1,"39":1,"41":1,"42":1,"43":1,"44":1,"46":0,"47":0,"49":1,"50":1,"51":1,"52":1,"54":44,"55":10,"56":10,"57":10,"58":10,"59":10,"60":10,"61":10,"63":1,"64":1,"65":10,"66":10,"67":10,"69":44,"70":11,"71":11,"72":11,"73":11,"74":11,"75":11,"77":11,"80":11,"83":11,"84":11,"85":11,"86":5,"87":5,"88":0,"89":0,"90":0,"91":0,"92":0,"93":5,"94":5,"95":2,"96":5,"97":5,"98":11,"99":11,"100":11,"102":44,"103":1,"104":1,"106":44,"107":25,"108":25,"109":25,"110":25,"111":25,"112":25,"114":44,"115":44,"116":44,"117":44,"118":44,"119":44,"120":44,"121":44,"122":44,"123":44,"125":44,"126":44,"127":44,"128":44,"130":44,"131":44,"132":44,"133":44,"134":44,"135":44,"136":44,"137":44,"138":44,"139":44,"140":44,"141":44,"143":44,"144":44,"145":44,"146":44,"147":44,"148":44,"149":44,"151":44,"152":21,"153":21,"154":21,"155":25,"156":25,"157":25,"158":25,"159":25,"160":25,"161":25,"162":25,"163":0,"165":25,"166":25,"167":25,"168":25,"169":25,"171":25,"172":25,"173":25,"174":25,"175":25,"176":25,"177":25,"178":25,"179":25,"180":25,"181":25,"183":25,"184":25,"185":25,"186":21,"187":21,"189":44,"191":44},"branchMap":{"0":{"type":"branch","line":19,"loc":{"start":{"line":19,"column":7},"end":{"line":192,"column":1}},"locations":[{"start":{"line":19,"column":7},"end":{"line":192,"column":1}}]},"1":{"type":"branch","line":22,"loc":{"start":{"line":22,"column":45},"end":{"line":22,"column":69}},"locations":[{"start":{"line":22,"column":45},"end":{"line":22,"column":69}}]},"2":{"type":"branch","line":119,"loc":{"start":{"line":119,"column":10},"end":{"line":119,"column":55}},"locations":[{"start":{"line":119,"column":10},"end":{"line":119,"column":55}}]},"3":{"type":"branch","line":119,"loc":{"start":{"line":119,"column":23},"end":{"line":119,"column":83}},"locations":[{"start":{"line":119,"column":23},"end":{"line":119,"column":83}}]},"4":{"type":"branch","line":127,"loc":{"start":{"line":127,"column":47},"end":{"line":127,"column":77}},"locations":[{"start":{"line":127,"column":47},"end":{"line":127,"column":77}}]},"5":{"type":"branch","line":127,"loc":{"start":{"line":127,"column":60},"end":{"line":127,"column":100}},"locations":[{"start":{"line":127,"column":60},"end":{"line":127,"column":100}}]},"6":{"type":"branch","line":152,"loc":{"start":{"line":152,"column":24},"end":{"line":188,"column":14}},"locations":[{"start":{"line":152,"column":24},"end":{"line":188,"column":14}}]},"7":{"type":"branch","line":24,"loc":{"start":{"line":24,"column":25},"end":{"line":27,"column":3}},"locations":[{"start":{"line":24,"column":25},"end":{"line":27,"column":3}}]},"8":{"type":"branch","line":34,"loc":{"start":{"line":34,"column":21},"end":{"line":53,"column":3}},"locations":[{"start":{"line":34,"column":21},"end":{"line":53,"column":3}}]},"9":{"type":"branch","line":45,"loc":{"start":{"line":45,"column":29},"end":{"line":48,"column":5}},"locations":[{"start":{"line":45,"column":29},"end":{"line":48,"column":5}}]},"10":{"type":"branch","line":39,"loc":{"start":{"line":39,"column":14},"end":{"line":39,"column":53}},"locations":[{"start":{"line":39,"column":14},"end":{"line":39,"column":53}}]},"11":{"type":"branch","line":40,"loc":{"start":{"line":40,"column":14},"end":{"line":40,"column":60}},"locations":[{"start":{"line":40,"column":14},"end":{"line":40,"column":60}}]},"12":{"type":"branch","line":43,"loc":{"start":{"line":43,"column":6},"end":{"line":43,"column":86}},"locations":[{"start":{"line":43,"column":6},"end":{"line":43,"column":86}}]},"13":{"type":"branch","line":55,"loc":{"start":{"line":55,"column":26},"end":{"line":68,"column":3}},"locations":[{"start":{"line":55,"column":26},"end":{"line":68,"column":3}}]},"14":{"type":"branch","line":56,"loc":{"start":{"line":56,"column":38},"end":{"line":56,"column":49}},"locations":[{"start":{"line":56,"column":38},"end":{"line":56,"column":49}}]},"15":{"type":"branch","line":62,"loc":{"start":{"line":62,"column":31},"end":{"line":65,"column":7}},"locations":[{"start":{"line":62,"column":31},"end":{"line":65,"column":7}}]},"16":{"type":"branch","line":59,"loc":{"start":{"line":59,"column":16},"end":{"line":59,"column":55}},"locations":[{"start":{"line":59,"column":16},"end":{"line":59,"column":55}}]},"17":{"type":"branch","line":60,"loc":{"start":{"line":60,"column":16},"end":{"line":60,"column":62}},"locations":[{"start":{"line":60,"column":16},"end":{"line":60,"column":62}}]},"18":{"type":"branch","line":61,"loc":{"start":{"line":61,"column":36},"end":{"line":61,"column":116}},"locations":[{"start":{"line":61,"column":36},"end":{"line":61,"column":116}}]},"19":{"type":"branch","line":70,"loc":{"start":{"line":70,"column":22},"end":{"line":101,"column":3}},"locations":[{"start":{"line":70,"column":22},"end":{"line":101,"column":3}}]},"20":{"type":"branch","line":71,"loc":{"start":{"line":71,"column":47},"end":{"line":76,"column":6}},"locations":[{"start":{"line":71,"column":47},"end":{"line":76,"column":6}}]},"21":{"type":"branch","line":78,"loc":{"start":{"line":78,"column":15},"end":{"line":78,"column":47}},"locations":[{"start":{"line":78,"column":15},"end":{"line":78,"column":47}}]},"22":{"type":"branch","line":84,"loc":{"start":{"line":84,"column":23},"end":{"line":100,"column":5}},"locations":[{"start":{"line":84,"column":23},"end":{"line":100,"column":5}}]},"23":{"type":"branch","line":86,"loc":{"start":{"line":86,"column":35},"end":{"line":99,"column":9}},"locations":[{"start":{"line":86,"column":35},"end":{"line":99,"column":9}}]},"24":{"type":"branch","line":88,"loc":{"start":{"line":88,"column":29},"end":{"line":94,"column":15}},"locations":[{"start":{"line":88,"column":29},"end":{"line":94,"column":15}}]},"25":{"type":"branch","line":95,"loc":{"start":{"line":95,"column":21},"end":{"line":97,"column":11}},"locations":[{"start":{"line":95,"column":21},"end":{"line":97,"column":11}}]},"26":{"type":"branch","line":95,"loc":{"start":{"line":95,"column":38},"end":{"line":96,"column":55}},"locations":[{"start":{"line":95,"column":38},"end":{"line":96,"column":55}}]},"27":{"type":"branch","line":96,"loc":{"start":{"line":96,"column":50},"end":{"line":96,"column":55}},"locations":[{"start":{"line":96,"column":50},"end":{"line":96,"column":55}}]},"28":{"type":"branch","line":103,"loc":{"start":{"line":103,"column":23},"end":{"line":105,"column":3}},"locations":[{"start":{"line":103,"column":23},"end":{"line":105,"column":3}}]},"29":{"type":"branch","line":104,"loc":{"start":{"line":104,"column":15},"end":{"line":104,"column":52}},"locations":[{"start":{"line":104,"column":15},"end":{"line":104,"column":52}}]},"30":{"type":"branch","line":104,"loc":{"start":{"line":104,"column":35},"end":{"line":104,"column":51}},"locations":[{"start":{"line":104,"column":35},"end":{"line":104,"column":51}}]},"31":{"type":"branch","line":107,"loc":{"start":{"line":107,"column":25},"end":{"line":113,"column":3}},"locations":[{"start":{"line":107,"column":25},"end":{"line":113,"column":3}}]},"32":{"type":"branch","line":108,"loc":{"start":{"line":108,"column":21},"end":{"line":108,"column":37}},"locations":[{"start":{"line":108,"column":21},"end":{"line":108,"column":37}}]},"33":{"type":"branch","line":155,"loc":{"start":{"line":155,"column":23},"end":{"line":186,"column":19}},"locations":[{"start":{"line":155,"column":23},"end":{"line":186,"column":19}}]},"34":{"type":"branch","line":163,"loc":{"start":{"line":163,"column":41},"end":{"line":164,"column":74}},"locations":[{"start":{"line":163,"column":41},"end":{"line":164,"column":74}}]},"35":{"type":"branch","line":179,"loc":{"start":{"line":179,"column":45},"end":{"line":179,"column":73}},"locations":[{"start":{"line":179,"column":45},"end":{"line":179,"column":73}}]},"36":{"type":"branch","line":169,"loc":{"start":{"line":169,"column":33},"end":{"line":169,"column":63}},"locations":[{"start":{"line":169,"column":33},"end":{"line":169,"column":63}}]}},"b":{"0":[44],"1":[0],"2":[0],"3":[43],"4":[0],"5":[43],"6":[21],"7":[2],"8":[1],"9":[0],"10":[1],"11":[1],"12":[1],"13":[10],"14":[0],"15":[1],"16":[11],"17":[11],"18":[11],"19":[11],"20":[11],"21":[11],"22":[11],"23":[5],"24":[0],"25":[3],"26":[2],"27":[0],"28":[1],"29":[1],"30":[1],"31":[25],"32":[0],"33":[25],"34":[0],"35":[0],"36":[1]},"fnMap":{"0":{"name":"UploadZone","decl":{"start":{"line":19,"column":7},"end":{"line":192,"column":1}},"loc":{"start":{"line":19,"column":7},"end":{"line":192,"column":1}},"line":19},"1":{"name":"handleDragOver","decl":{"start":{"line":24,"column":25},"end":{"line":27,"column":3}},"loc":{"start":{"line":24,"column":25},"end":{"line":27,"column":3}},"line":24},"2":{"name":"handleDragLeave","decl":{"start":{"line":29,"column":26},"end":{"line":32,"column":3}},"loc":{"start":{"line":29,"column":26},"end":{"line":32,"column":3}},"line":29},"3":{"name":"handleDrop","decl":{"start":{"line":34,"column":21},"end":{"line":53,"column":3}},"loc":{"start":{"line":34,"column":21},"end":{"line":53,"column":3}},"line":34},"4":{"name":"handleFileInput","decl":{"start":{"line":55,"column":26},"end":{"line":68,"column":3}},"loc":{"start":{"line":55,"column":26},"end":{"line":68,"column":3}},"line":55},"5":{"name":"handleFiles","decl":{"start":{"line":70,"column":22},"end":{"line":101,"column":3}},"loc":{"start":{"line":70,"column":22},"end":{"line":101,"column":3}},"line":70},"6":{"name":"removeUpload","decl":{"start":{"line":103,"column":23},"end":{"line":105,"column":3}},"loc":{"start":{"line":103,"column":23},"end":{"line":105,"column":3}},"line":103},"7":{"name":"formatFileSize","decl":{"start":{"line":107,"column":25},"end":{"line":113,"column":3}},"loc":{"start":{"line":107,"column":25},"end":{"line":113,"column":3}},"line":107},"8":{"name":"onClick","decl":{"start":{"line":169,"column":33},"end":{"line":169,"column":63}},"loc":{"start":{"line":169,"column":33},"end":{"line":169,"column":63}},"line":169}},"f":{"0":44,"1":2,"2":0,"3":1,"4":10,"5":11,"6":1,"7":25,"8":1}}
,"/Users/charan/Desktop/FOUNDATION/peergenaicertifications/RAG_FOUNDATIONAL/client/src/hooks/use-mobile.tsx": {"path":"/Users/charan/Desktop/FOUNDATION/peergenaicertifications/RAG_FOUNDATIONAL/client/src/hooks/use-mobile.tsx","all":false,"statementMap":{"0":{"start":{"line":1,"column":0},"end":{"line":1,"column":30}},"2":{"start":{"line":3,"column":0},"end":{"line":3,"column":29}},"4":{"start":{"line":5,"column":0},"end":{"line":5,"column":31}},"5":{"start":{"line":6,"column":0},"end":{"line":6,"column":80}},"7":{"start":{"line":8,"column":0},"end":{"line":8,"column":25}},"8":{"start":{"line":9,"column":0},"end":{"line":9,"column":76}},"9":{"start":{"line":10,"column":0},"end":{"line":10,"column":28}},"10":{"start":{"line":11,"column":0},"end":{"line":11,"column":56}},"11":{"start":{"line":12,"column":0},"end":{"line":12,"column":5}},"12":{"start":{"line":13,"column":0},"end":{"line":13,"column":44}},"13":{"start":{"line":14,"column":0},"end":{"line":14,"column":54}},"14":{"start":{"line":15,"column":0},"end":{"line":15,"column":60}},"15":{"start":{"line":16,"column":0},"end":{"line":16,"column":8}},"17":{"start":{"line":18,"column":0},"end":{"line":18,"column":19}},"18":{"start":{"line":19,"column":0},"end":{"line":19,"column":1}}},"s":{"0":1,"2":1,"4":1,"5":21,"7":21,"8":10,"9":10,"10":1,"11":1,"12":10,"13":10,"14":10,"15":21,"17":21,"18":21},"branchMap":{"0":{"type":"branch","line":5,"loc":{"start":{"line":5,"column":7},"end":{"line":19,"column":1}},"locations":[{"start":{"line":5,"column":7},"end":{"line":19,"column":1}}]},"1":{"type":"branch","line":8,"loc":{"start":{"line":8,"column":18},"end":{"line":16,"column":5}},"locations":[{"start":{"line":8,"column":18},"end":{"line":16,"column":5}}]},"2":{"type":"branch","line":10,"loc":{"start":{"line":10,"column":21},"end":{"line":12,"column":5}},"locations":[{"start":{"line":10,"column":21},"end":{"line":12,"column":5}}]},"3":{"type":"branch","line":15,"loc":{"start":{"line":15,"column":11},"end":{"line":15,"column":60}},"locations":[{"start":{"line":15,"column":11},"end":{"line":15,"column":60}}]}},"b":{"0":[21],"1":[10],"2":[1],"3":[10]},"fnMap":{"0":{"name":"useIsMobile","decl":{"start":{"line":5,"column":7},"end":{"line":19,"column":1}},"loc":{"start":{"line":5,"column":7},"end":{"line":19,"column":1}},"line":5},"1":{"name":"onChange","decl":{"start":{"line":10,"column":21},"end":{"line":12,"column":5}},"loc":{"start":{"line":10,"column":21},"end":{"line":12,"column":5}},"line":10}},"f":{"0":21,"1":1}}
,"/Users/charan/Desktop/FOUNDATION/peergenaicertifications/RAG_FOUNDATIONAL/client/src/hooks/use-toast.ts": {"path":"/Users/charan/Desktop/FOUNDATION/peergenaicertifications/RAG_FOUNDATIONAL/client/src/hooks/use-toast.ts","all":false,"statementMap":{"0":{"start":{"line":1,"column":0},"end":{"line":1,"column":30}},"7":{"start":{"line":8,"column":0},"end":{"line":8,"column":21}},"8":{"start":{"line":9,"column":0},"end":{"line":9,"column":34}},"17":{"start":{"line":18,"column":0},"end":{"line":18,"column":21}},"18":{"start":{"line":19,"column":0},"end":{"line":19,"column":25}},"19":{"start":{"line":20,"column":0},"end":{"line":20,"column":31}},"20":{"start":{"line":21,"column":0},"end":{"line":21,"column":33}},"21":{"start":{"line":22,"column":0},"end":{"line":22,"column":31}},"22":{"start":{"line":23,"column":0},"end":{"line":23,"column":10}},"24":{"start":{"line":25,"column":0},"end":{"line":25,"column":13}},"26":{"start":{"line":27,"column":0},"end":{"line":27,"column":18}},"27":{"start":{"line":28,"column":0},"end":{"line":28,"column":47}},"28":{"start":{"line":29,"column":0},"end":{"line":29,"column":25}},"29":{"start":{"line":30,"column":0},"end":{"line":30,"column":1}},"55":{"start":{"line":56,"column":0},"end":{"line":56,"column":70}},"57":{"start":{"line":58,"column":0},"end":{"line":58,"column":47}},"58":{"start":{"line":59,"column":0},"end":{"line":59,"column":35}},"59":{"start":{"line":60,"column":0},"end":{"line":60,"column":10}},"60":{"start":{"line":61,"column":0},"end":{"line":61,"column":3}},"62":{"start":{"line":63,"column":0},"end":{"line":63,"column":36}},"63":{"start":{"line":64,"column":0},"end":{"line":64,"column":33}},"64":{"start":{"line":65,"column":0},"end":{"line":65,"column":14}},"65":{"start":{"line":66,"column":0},"end":{"line":66,"column":27}},"66":{"start":{"line":67,"column":0},"end":{"line":67,"column":23}},"67":{"start":{"line":68,"column":0},"end":{"line":68,"column":6}},"68":{"start":{"line":69,"column":0},"end":{"line":69,"column":24}},"70":{"start":{"line":71,"column":0},"end":{"line":71,"column":37}},"71":{"start":{"line":72,"column":0},"end":{"line":72,"column":1}},"73":{"start":{"line":74,"column":0},"end":{"line":74,"column":65}},"74":{"start":{"line":75,"column":0},"end":{"line":75,"column":24}},"75":{"start":{"line":76,"column":0},"end":{"line":76,"column":21}},"76":{"start":{"line":77,"column":0},"end":{"line":77,"column":14}},"77":{"start":{"line":78,"column":0},"end":{"line":78,"column":17}},"78":{"start":{"line":79,"column":0},"end":{"line":79,"column":70}},"79":{"start":{"line":80,"column":0},"end":{"line":80,"column":7}},"81":{"start":{"line":82,"column":0},"end":{"line":82,"column":24}},"82":{"start":{"line":83,"column":0},"end":{"line":83,"column":14}},"83":{"start":{"line":84,"column":0},"end":{"line":84,"column":17}},"84":{"start":{"line":85,"column":0},"end":{"line":85,"column":39}},"85":{"start":{"line":86,"column":0},"end":{"line":86,"column":66}},"86":{"start":{"line":87,"column":0},"end":{"line":87,"column":10}},"87":{"start":{"line":88,"column":0},"end":{"line":88,"column":7}},"89":{"start":{"line":90,"column":0},"end":{"line":90,"column":27}},"90":{"start":{"line":91,"column":0},"end":{"line":91,"column":32}},"94":{"start":{"line":95,"column":0},"end":{"line":95,"column":20}},"95":{"start":{"line":96,"column":0},"end":{"line":96,"column":33}},"96":{"start":{"line":97,"column":0},"end":{"line":97,"column":14}},"97":{"start":{"line":98,"column":0},"end":{"line":98,"column":41}},"98":{"start":{"line":99,"column":0},"end":{"line":99,"column":36}},"99":{"start":{"line":100,"column":0},"end":{"line":100,"column":10}},"100":{"start":{"line":101,"column":0},"end":{"line":101,"column":7}},"102":{"start":{"line":103,"column":0},"end":{"line":103,"column":14}},"103":{"start":{"line":104,"column":0},"end":{"line":104,"column":17}},"104":{"start":{"line":105,"column":0},"end":{"line":105,"column":39}},"105":{"start":{"line":106,"column":0},"end":{"line":106,"column":51}},"106":{"start":{"line":107,"column":0},"end":{"line":107,"column":15}},"107":{"start":{"line":108,"column":0},"end":{"line":108,"column":21}},"108":{"start":{"line":109,"column":0},"end":{"line":109,"column":28}},"109":{"start":{"line":110,"column":0},"end":{"line":110,"column":15}},"110":{"start":{"line":111,"column":0},"end":{"line":111,"column":15}},"111":{"start":{"line":112,"column":0},"end":{"line":112,"column":10}},"112":{"start":{"line":113,"column":0},"end":{"line":113,"column":7}},"113":{"start":{"line":114,"column":0},"end":{"line":114,"column":5}},"114":{"start":{"line":115,"column":0},"end":{"line":115,"column":24}},"115":{"start":{"line":116,"column":0},"end":{"line":116,"column":41}},"116":{"start":{"line":117,"column":0},"end":{"line":117,"column":16}},"117":{"start":{"line":118,"column":0},"end":{"line":118,"column":19}},"118":{"start":{"line":119,"column":0},"end":{"line":119,"column":21}},"119":{"start":{"line":120,"column":0},"end":{"line":120,"column":9}},"120":{"start":{"line":121,"column":0},"end":{"line":121,"column":7}},"121":{"start":{"line":122,"column":0},"end":{"line":122,"column":14}},"122":{"start":{"line":123,"column":0},"end":{"line":123,"column":17}},"123":{"start":{"line":124,"column":0},"end":{"line":124,"column":68}},"124":{"start":{"line":125,"column":0},"end":{"line":125,"column":7}},"125":{"start":{"line":126,"column":0},"end":{"line":126,"column":3}},"126":{"start":{"line":127,"column":0},"end":{"line":127,"column":1}},"128":{"start":{"line":129,"column":0},"end":{"line":129,"column":51}},"130":{"start":{"line":131,"column":0},"end":{"line":131,"column":39}},"132":{"start":{"line":133,"column":0},"end":{"line":133,"column":35}},"133":{"start":{"line":134,"column":0},"end":{"line":134,"column":44}},"134":{"start":{"line":135,"column":0},"end":{"line":135,"column":35}},"135":{"start":{"line":136,"column":0},"end":{"line":136,"column":25}},"136":{"start":{"line":137,"column":0},"end":{"line":137,"column":4}},"137":{"start":{"line":138,"column":0},"end":{"line":138,"column":1}},"141":{"start":{"line":142,"column":0},"end":{"line":142,"column":37}},"142":{"start":{"line":143,"column":0},"end":{"line":143,"column":20}},"144":{"start":{"line":145,"column":0},"end":{"line":145,"column":41}},"145":{"start":{"line":146,"column":0},"end":{"line":146,"column":14}},"146":{"start":{"line":147,"column":0},"end":{"line":147,"column":27}},"147":{"start":{"line":148,"column":0},"end":{"line":148,"column":30}},"148":{"start":{"line":149,"column":0},"end":{"line":149,"column":6}},"149":{"start":{"line":150,"column":0},"end":{"line":150,"column":72}},"151":{"start":{"line":152,"column":0},"end":{"line":152,"column":12}},"152":{"start":{"line":153,"column":0},"end":{"line":153,"column":22}},"153":{"start":{"line":154,"column":0},"end":{"line":154,"column":12}},"154":{"start":{"line":155,"column":0},"end":{"line":155,"column":15}},"155":{"start":{"line":156,"column":0},"end":{"line":156,"column":9}},"156":{"start":{"line":157,"column":0},"end":{"line":157,"column":17}},"157":{"start":{"line":158,"column":0},"end":{"line":158,"column":31}},"158":{"start":{"line":159,"column":0},"end":{"line":159,"column":28}},"159":{"start":{"line":160,"column":0},"end":{"line":160,"column":8}},"160":{"start":{"line":161,"column":0},"end":{"line":161,"column":6}},"161":{"start":{"line":162,"column":0},"end":{"line":162,"column":4}},"163":{"start":{"line":164,"column":0},"end":{"line":164,"column":10}},"164":{"start":{"line":165,"column":0},"end":{"line":165,"column":11}},"165":{"start":{"line":166,"column":0},"end":{"line":166,"column":12}},"166":{"start":{"line":167,"column":0},"end":{"line":167,"column":11}},"167":{"start":{"line":168,"column":0},"end":{"line":168,"column":3}},"168":{"start":{"line":169,"column":0},"end":{"line":169,"column":1}},"170":{"start":{"line":171,"column":0},"end":{"line":171,"column":21}},"171":{"start":{"line":172,"column":0},"end":{"line":172,"column":62}},"173":{"start":{"line":174,"column":0},"end":{"line":174,"column":25}},"174":{"start":{"line":175,"column":0},"end":{"line":175,"column":28}},"175":{"start":{"line":176,"column":0},"end":{"line":176,"column":18}},"176":{"start":{"line":177,"column":0},"end":{"line":177,"column":47}},"177":{"start":{"line":178,"column":0},"end":{"line":178,"column":23}},"178":{"start":{"line":179,"column":0},"end":{"line":179,"column":34}},"179":{"start":{"line":180,"column":0},"end":{"line":180,"column":7}},"180":{"start":{"line":181,"column":0},"end":{"line":181,"column":5}},"181":{"start":{"line":182,"column":0},"end":{"line":182,"column":13}},"183":{"start":{"line":184,"column":0},"end":{"line":184,"column":10}},"184":{"start":{"line":185,"column":0},"end":{"line":185,"column":13}},"185":{"start":{"line":186,"column":0},"end":{"line":186,"column":10}},"186":{"start":{"line":187,"column":0},"end":{"line":187,"column":80}},"187":{"start":{"line":188,"column":0},"end":{"line":188,"column":3}},"188":{"start":{"line":189,"column":0},"end":{"line":189,"column":1}}},"s":{"0":1,"7":1,"8":1,"17":1,"18":1,"19":1,"20":1,"21":1,"22":1,"24":1,"26":4,"27":4,"28":4,"29":4,"55":1,"57":1,"58":2,"59":0,"60":0,"62":2,"63":0,"64":0,"65":0,"66":0,"67":0,"68":2,"70":2,"71":2,"73":1,"74":11,"75":11,"76":5,"77":5,"78":5,"79":5,"81":11,"82":2,"83":2,"84":2,"85":2,"86":2,"87":2,"89":11,"90":2,"94":2,"95":2,"96":2,"97":0,"98":0,"99":0,"100":0,"102":2,"103":2,"104":2,"105":2,"106":2,"107":2,"108":2,"109":2,"110":0,"111":2,"112":2,"113":2,"114":11,"115":2,"116":1,"117":1,"118":1,"119":1,"120":1,"121":1,"122":1,"123":1,"124":1,"125":11,"126":11,"128":1,"130":1,"132":6,"133":6,"134":6,"135":0,"136":6,"137":6,"141":4,"142":4,"144":4,"145":1,"146":1,"147":1,"148":1,"149":4,"151":4,"152":4,"153":4,"154":4,"155":4,"156":4,"157":4,"158":0,"159":0,"160":4,"161":4,"163":4,"164":4,"165":4,"166":4,"167":4,"168":4,"170":6,"171":6,"173":6,"174":6,"175":6,"176":6,"177":6,"178":6,"179":6,"180":6,"181":6,"183":6,"184":6,"185":6,"186":6,"187":6,"188":6},"branchMap":{"0":{"type":"branch","line":27,"loc":{"start":{"line":27,"column":0},"end":{"line":30,"column":1}},"locations":[{"start":{"line":27,"column":0},"end":{"line":30,"column":1}}]},"1":{"type":"branch","line":58,"loc":{"start":{"line":58,"column":25},"end":{"line":72,"column":1}},"locations":[{"start":{"line":58,"column":25},"end":{"line":72,"column":1}}]},"2":{"type":"branch","line":59,"loc":{"start":{"line":59,"column":34},"end":{"line":61,"column":3}},"locations":[{"start":{"line":59,"column":34},"end":{"line":61,"column":3}}]},"3":{"type":"branch","line":74,"loc":{"start":{"line":74,"column":23},"end":{"line":127,"column":1}},"locations":[{"start":{"line":74,"column":23},"end":{"line":127,"column":1}}]},"4":{"type":"branch","line":76,"loc":{"start":{"line":76,"column":4},"end":{"line":80,"column":7}},"locations":[{"start":{"line":76,"column":4},"end":{"line":80,"column":7}}]},"5":{"type":"branch","line":82,"loc":{"start":{"line":82,"column":4},"end":{"line":88,"column":7}},"locations":[{"start":{"line":82,"column":4},"end":{"line":88,"column":7}}]},"6":{"type":"branch","line":90,"loc":{"start":{"line":90,"column":4},"end":{"line":114,"column":5}},"locations":[{"start":{"line":90,"column":4},"end":{"line":114,"column":5}}]},"7":{"type":"branch","line":97,"loc":{"start":{"line":97,"column":6},"end":{"line":101,"column":7}},"locations":[{"start":{"line":97,"column":6},"end":{"line":101,"column":7}}]},"8":{"type":"branch","line":115,"loc":{"start":{"line":115,"column":4},"end":{"line":125,"column":7}},"locations":[{"start":{"line":115,"column":4},"end":{"line":125,"column":7}}]},"9":{"type":"branch","line":116,"loc":{"start":{"line":116,"column":40},"end":{"line":125,"column":7}},"locations":[{"start":{"line":116,"column":40},"end":{"line":125,"column":7}}]},"10":{"type":"branch","line":85,"loc":{"start":{"line":85,"column":33},"end":{"line":86,"column":66}},"locations":[{"start":{"line":85,"column":33},"end":{"line":86,"column":66}}]},"11":{"type":"branch","line":86,"loc":{"start":{"line":86,"column":61},"end":{"line":86,"column":66}},"locations":[{"start":{"line":86,"column":61},"end":{"line":86,"column":66}}]},"12":{"type":"branch","line":105,"loc":{"start":{"line":105,"column":33},"end":{"line":111,"column":15}},"locations":[{"start":{"line":105,"column":33},"end":{"line":111,"column":15}}]},"13":{"type":"branch","line":106,"loc":{"start":{"line":106,"column":19},"end":{"line":106,"column":51}},"locations":[{"start":{"line":106,"column":19},"end":{"line":106,"column":51}}]},"14":{"type":"branch","line":110,"loc":{"start":{"line":110,"column":14},"end":{"line":111,"column":15}},"locations":[{"start":{"line":110,"column":14},"end":{"line":111,"column":15}}]},"15":{"type":"branch","line":124,"loc":{"start":{"line":124,"column":36},"end":{"line":124,"column":66}},"locations":[{"start":{"line":124,"column":36},"end":{"line":124,"column":66}}]},"16":{"type":"branch","line":133,"loc":{"start":{"line":133,"column":0},"end":{"line":138,"column":1}},"locations":[{"start":{"line":133,"column":0},"end":{"line":138,"column":1}}]},"17":{"type":"branch","line":142,"loc":{"start":{"line":142,"column":0},"end":{"line":169,"column":1}},"locations":[{"start":{"line":142,"column":0},"end":{"line":169,"column":1}}]},"18":{"type":"branch","line":145,"loc":{"start":{"line":145,"column":17},"end":{"line":149,"column":6}},"locations":[{"start":{"line":145,"column":17},"end":{"line":149,"column":6}}]},"19":{"type":"branch","line":150,"loc":{"start":{"line":150,"column":18},"end":{"line":150,"column":72}},"locations":[{"start":{"line":150,"column":18},"end":{"line":150,"column":72}}]},"20":{"type":"branch","line":171,"loc":{"start":{"line":171,"column":0},"end":{"line":189,"column":1}},"locations":[{"start":{"line":171,"column":0},"end":{"line":189,"column":1}}]},"21":{"type":"branch","line":174,"loc":{"start":{"line":174,"column":18},"end":{"line":182,"column":5}},"locations":[{"start":{"line":174,"column":18},"end":{"line":182,"column":5}}]},"22":{"type":"branch","line":176,"loc":{"start":{"line":176,"column":11},"end":{"line":181,"column":5}},"locations":[{"start":{"line":176,"column":11},"end":{"line":181,"column":5}}]}},"b":{"0":[4],"1":[2],"2":[0],"3":[11],"4":[5],"5":[2],"6":[2],"7":[0],"8":[2],"9":[1],"10":[2],"11":[0],"12":[2],"13":[0],"14":[0],"15":[2],"16":[6],"17":[4],"18":[1],"19":[1],"20":[6],"21":[6],"22":[6]},"fnMap":{"0":{"name":"genId","decl":{"start":{"line":27,"column":0},"end":{"line":30,"column":1}},"loc":{"start":{"line":27,"column":0},"end":{"line":30,"column":1}},"line":27},"1":{"name":"addToRemoveQueue","decl":{"start":{"line":58,"column":25},"end":{"line":72,"column":1}},"loc":{"start":{"line":58,"column":25},"end":{"line":72,"column":1}},"line":58},"2":{"name":"reducer","decl":{"start":{"line":74,"column":23},"end":{"line":127,"column":1}},"loc":{"start":{"line":74,"column":23},"end":{"line":127,"column":1}},"line":74},"3":{"name":"dispatch","decl":{"start":{"line":133,"column":0},"end":{"line":138,"column":1}},"loc":{"start":{"line":133,"column":0},"end":{"line":138,"column":1}},"line":133},"4":{"name":"toast","decl":{"start":{"line":142,"column":0},"end":{"line":169,"column":1}},"loc":{"start":{"line":142,"column":0},"end":{"line":169,"column":1}},"line":142},"5":{"name":"update","decl":{"start":{"line":145,"column":17},"end":{"line":149,"column":6}},"loc":{"start":{"line":145,"column":17},"end":{"line":149,"column":6}},"line":145},"6":{"name":"dismiss","decl":{"start":{"line":150,"column":18},"end":{"line":150,"column":72}},"loc":{"start":{"line":150,"column":18},"end":{"line":150,"column":72}},"line":150},"7":{"name":"onOpenChange","decl":{"start":{"line":158,"column":20},"end":{"line":160,"column":8}},"loc":{"start":{"line":158,"column":20},"end":{"line":160,"column":8}},"line":158},"8":{"name":"useToast","decl":{"start":{"line":171,"column":0},"end":{"line":189,"column":1}},"loc":{"start":{"line":171,"column":0},"end":{"line":189,"column":1}},"line":171},"9":{"name":"dismiss","decl":{"start":{"line":187,"column":13},"end":{"line":187,"column":80}},"loc":{"start":{"line":187,"column":13},"end":{"line":187,"column":80}},"line":187}},"f":{"0":4,"1":2,"2":11,"3":6,"4":4,"5":1,"6":1,"7":0,"8":6,"9":0}}
,"/Users/charan/Desktop/FOUNDATION/peergenaicertifications/RAG_FOUNDATIONAL/client/src/hooks/useAuth.ts": {"path":"/Users/charan/Desktop/FOUNDATION/peergenaicertifications/RAG_FOUNDATIONAL/client/src/hooks/useAuth.ts","all":false,"statementMap":{"0":{"start":{"line":1,"column":0},"end":{"line":1,"column":49}},"3":{"start":{"line":4,"column":0},"end":{"line":4,"column":27}},"4":{"start":{"line":5,"column":0},"end":{"line":5,"column":46}},"5":{"start":{"line":6,"column":0},"end":{"line":6,"column":33}},"6":{"start":{"line":7,"column":0},"end":{"line":7,"column":49}},"7":{"start":{"line":8,"column":0},"end":{"line":8,"column":17}},"8":{"start":{"line":9,"column":0},"end":{"line":9,"column":5}},"10":{"start":{"line":11,"column":0},"end":{"line":11,"column":10}},"11":{"start":{"line":12,"column":0},"end":{"line":12,"column":9}},"12":{"start":{"line":13,"column":0},"end":{"line":13,"column":14}},"13":{"start":{"line":14,"column":0},"end":{"line":14,"column":28}},"14":{"start":{"line":15,"column":0},"end":{"line":15,"column":4}},"15":{"start":{"line":16,"column":0},"end":{"line":16,"column":1}}},"s":{"0":1,"3":1,"4":7,"5":7,"6":7,"7":7,"8":7,"10":7,"11":7,"12":7,"13":7,"14":7,"15":7},"branchMap":{"0":{"type":"branch","line":4,"loc":{"start":{"line":4,"column":7},"end":{"line":16,"column":1}},"locations":[{"start":{"line":4,"column":7},"end":{"line":16,"column":1}}]}},"b":{"0":[7]},"fnMap":{"0":{"name":"useAuth","decl":{"start":{"line":4,"column":7},"end":{"line":16,"column":1}},"loc":{"start":{"line":4,"column":7},"end":{"line":16,"column":1}},"line":4}},"f":{"0":7}}
,"/Users/charan/Desktop/FOUNDATION/peergenaicertifications/RAG_FOUNDATIONAL/client/src/lib/api.ts": {"path":"/Users/charan/Desktop/FOUNDATION/peergenaicertifications/RAG_FOUNDATIONAL/client/src/lib/api.ts","all":false,"statementMap":{"2":{"start":{"line":3,"column":0},"end":{"line":3,"column":24}},"4":{"start":{"line":5,"column":0},"end":{"line":5,"column":37}},"5":{"start":{"line":6,"column":0},"end":{"line":6,"column":55}},"6":{"start":{"line":7,"column":0},"end":{"line":7,"column":19}},"7":{"start":{"line":8,"column":0},"end":{"line":8,"column":27}},"8":{"start":{"line":9,"column":0},"end":{"line":9,"column":3}},"9":{"start":{"line":10,"column":0},"end":{"line":10,"column":1}},"11":{"start":{"line":12,"column":0},"end":{"line":12,"column":84}},"12":{"start":{"line":13,"column":0},"end":{"line":13,"column":39}},"13":{"start":{"line":14,"column":0},"end":{"line":14,"column":37}},"14":{"start":{"line":15,"column":0},"end":{"line":15,"column":14}},"15":{"start":{"line":16,"column":0},"end":{"line":16,"column":41}},"16":{"start":{"line":17,"column":0},"end":{"line":17,"column":25}},"17":{"start":{"line":18,"column":0},"end":{"line":18,"column":6}},"18":{"start":{"line":19,"column":0},"end":{"line":19,"column":15}},"19":{"start":{"line":20,"column":0},"end":{"line":20,"column":5}},"21":{"start":{"line":22,"column":0},"end":{"line":22,"column":21}},"22":{"start":{"line":23,"column":0},"end":{"line":23,"column":86}},"23":{"start":{"line":24,"column":0},"end":{"line":24,"column":76}},"24":{"start":{"line":25,"column":0},"end":{"line":25,"column":3}},"26":{"start":{"line":27,"column":0},"end":{"line":27,"column":25}},"27":{"start":{"line":28,"column":0},"end":{"line":28,"column":1}},"29":{"start":{"line":30,"column":0},"end":{"line":30,"column":20}},"31":{"start":{"line":32,"column":0},"end":{"line":32,"column":9}},"32":{"start":{"line":33,"column":0},"end":{"line":33,"column":49}},"34":{"start":{"line":35,"column":0},"end":{"line":35,"column":62}},"36":{"start":{"line":37,"column":0},"end":{"line":37,"column":49}},"37":{"start":{"line":38,"column":0},"end":{"line":38,"column":38}},"38":{"start":{"line":39,"column":0},"end":{"line":39,"column":35}},"40":{"start":{"line":41,"column":0},"end":{"line":41,"column":63}},"41":{"start":{"line":42,"column":0},"end":{"line":42,"column":23}},"42":{"start":{"line":43,"column":0},"end":{"line":43,"column":23}},"43":{"start":{"line":44,"column":0},"end":{"line":44,"column":9}},"45":{"start":{"line":46,"column":0},"end":{"line":46,"column":25}},"46":{"start":{"line":47,"column":0},"end":{"line":47,"column":90}},"47":{"start":{"line":48,"column":0},"end":{"line":48,"column":80}},"48":{"start":{"line":49,"column":0},"end":{"line":49,"column":7}},"50":{"start":{"line":51,"column":0},"end":{"line":51,"column":29}},"51":{"start":{"line":52,"column":0},"end":{"line":52,"column":6}},"53":{"start":{"line":54,"column":0},"end":{"line":54,"column":59}},"54":{"start":{"line":55,"column":0},"end":{"line":55,"column":51}},"56":{"start":{"line":57,"column":0},"end":{"line":57,"column":72}},"58":{"start":{"line":59,"column":0},"end":{"line":59,"column":47}},"59":{"start":{"line":60,"column":0},"end":{"line":60,"column":61}},"60":{"start":{"line":61,"column":0},"end":{"line":61,"column":4}},"62":{"start":{"line":63,"column":0},"end":{"line":63,"column":8}},"63":{"start":{"line":64,"column":0},"end":{"line":64,"column":168}},"64":{"start":{"line":65,"column":0},"end":{"line":65,"column":28}},"65":{"start":{"line":66,"column":0},"end":{"line":66,"column":23}},"66":{"start":{"line":67,"column":0},"end":{"line":67,"column":43}},"67":{"start":{"line":68,"column":0},"end":{"line":68,"column":9}},"68":{"start":{"line":69,"column":0},"end":{"line":69,"column":4}},"69":{"start":{"line":70,"column":0},"end":{"line":70,"column":2}}},"s":{"2":1,"4":1,"5":1,"6":5,"7":5,"8":5,"9":1,"11":9,"12":9,"13":9,"14":9,"15":9,"16":9,"17":9,"18":9,"19":9,"21":9,"22":3,"23":3,"24":3,"26":6,"27":6,"29":1,"31":1,"32":1,"34":1,"36":1,"37":2,"38":2,"40":2,"41":2,"42":2,"43":2,"45":2,"46":1,"47":1,"48":1,"50":1,"51":2,"53":1,"54":1,"56":1,"58":1,"59":2,"60":1,"62":1,"63":1,"64":2,"65":2,"66":2,"67":2,"68":1,"69":1},"branchMap":{"0":{"type":"branch","line":6,"loc":{"start":{"line":6,"column":2},"end":{"line":9,"column":3}},"locations":[{"start":{"line":6,"column":2},"end":{"line":9,"column":3}}]},"1":{"type":"branch","line":12,"loc":{"start":{"line":12,"column":0},"end":{"line":28,"column":1}},"locations":[{"start":{"line":12,"column":0},"end":{"line":28,"column":1}}]},"2":{"type":"branch","line":22,"loc":{"start":{"line":22,"column":20},"end":{"line":25,"column":3}},"locations":[{"start":{"line":22,"column":20},"end":{"line":25,"column":3}}]},"3":{"type":"branch","line":24,"loc":{"start":{"line":24,"column":46},"end":{"line":24,"column":74}},"locations":[{"start":{"line":24,"column":46},"end":{"line":24,"column":74}}]},"4":{"type":"branch","line":25,"loc":{"start":{"line":25,"column":2},"end":{"line":28,"column":1}},"locations":[{"start":{"line":25,"column":2},"end":{"line":28,"column":1}}]},"5":{"type":"branch","line":33,"loc":{"start":{"line":33,"column":10},"end":{"line":33,"column":49}},"locations":[{"start":{"line":33,"column":10},"end":{"line":33,"column":49}}]},"6":{"type":"branch","line":35,"loc":{"start":{"line":35,"column":9},"end":{"line":35,"column":62}},"locations":[{"start":{"line":35,"column":9},"end":{"line":35,"column":62}}]},"7":{"type":"branch","line":37,"loc":{"start":{"line":37,"column":12},"end":{"line":52,"column":6}},"locations":[{"start":{"line":37,"column":12},"end":{"line":52,"column":6}}]},"8":{"type":"branch","line":46,"loc":{"start":{"line":46,"column":24},"end":{"line":51,"column":29}},"locations":[{"start":{"line":46,"column":24},"end":{"line":51,"column":29}}]},"9":{"type":"branch","line":48,"loc":{"start":{"line":48,"column":50},"end":{"line":48,"column":78}},"locations":[{"start":{"line":48,"column":50},"end":{"line":48,"column":78}}]},"10":{"type":"branch","line":54,"loc":{"start":{"line":54,"column":12},"end":{"line":55,"column":51}},"locations":[{"start":{"line":54,"column":12},"end":{"line":55,"column":51}}]},"11":{"type":"branch","line":57,"loc":{"start":{"line":57,"column":14},"end":{"line":57,"column":72}},"locations":[{"start":{"line":57,"column":14},"end":{"line":57,"column":72}}]},"12":{"type":"branch","line":59,"loc":{"start":{"line":59,"column":12},"end":{"line":60,"column":61}},"locations":[{"start":{"line":59,"column":12},"end":{"line":60,"column":61}}]},"13":{"type":"branch","line":64,"loc":{"start":{"line":64,"column":10},"end":{"line":68,"column":9}},"locations":[{"start":{"line":64,"column":10},"end":{"line":68,"column":9}}]}},"b":{"0":[5],"1":[9],"2":[3],"3":[0],"4":[6],"5":[3],"6":[1],"7":[2],"8":[1],"9":[0],"10":[1],"11":[1],"12":[2],"13":[2]},"fnMap":{"0":{"name":"ApiError","decl":{"start":{"line":6,"column":2},"end":{"line":9,"column":3}},"loc":{"start":{"line":6,"column":2},"end":{"line":9,"column":3}},"line":6},"1":{"name":"request","decl":{"start":{"line":12,"column":0},"end":{"line":28,"column":1}},"loc":{"start":{"line":12,"column":0},"end":{"line":28,"column":1}},"line":12},"2":{"name":"list","decl":{"start":{"line":33,"column":10},"end":{"line":33,"column":49}},"loc":{"start":{"line":33,"column":10},"end":{"line":33,"column":49}},"line":33},"3":{"name":"get","decl":{"start":{"line":35,"column":9},"end":{"line":35,"column":62}},"loc":{"start":{"line":35,"column":9},"end":{"line":35,"column":62}},"line":35},"4":{"name":"upload","decl":{"start":{"line":37,"column":12},"end":{"line":52,"column":6}},"loc":{"start":{"line":37,"column":12},"end":{"line":52,"column":6}},"line":37},"5":{"name":"delete","decl":{"start":{"line":54,"column":12},"end":{"line":55,"column":51}},"loc":{"start":{"line":54,"column":12},"end":{"line":55,"column":51}},"line":54},"6":{"name":"download","decl":{"start":{"line":57,"column":14},"end":{"line":57,"column":72}},"loc":{"start":{"line":57,"column":14},"end":{"line":57,"column":72}},"line":57},"7":{"name":"search","decl":{"start":{"line":59,"column":12},"end":{"line":60,"column":61}},"loc":{"start":{"line":59,"column":12},"end":{"line":60,"column":61}},"line":59},"8":{"name":"chat","decl":{"start":{"line":64,"column":10},"end":{"line":68,"column":9}},"loc":{"start":{"line":64,"column":10},"end":{"line":68,"column":9}},"line":64}},"f":{"0":5,"1":9,"2":3,"3":1,"4":2,"5":1,"6":1,"7":2,"8":2}}
,"/Users/charan/Desktop/FOUNDATION/peergenaicertifications/RAG_FOUNDATIONAL/client/src/lib/authUtils.ts": {"path":"/Users/charan/Desktop/FOUNDATION/peergenaicertifications/RAG_FOUNDATIONAL/client/src/lib/authUtils.ts","all":false,"statementMap":{"0":{"start":{"line":1,"column":0},"end":{"line":1,"column":60}},"1":{"start":{"line":2,"column":0},"end":{"line":2,"column":52}},"2":{"start":{"line":3,"column":0},"end":{"line":3,"column":1}}},"s":{"0":1,"1":5,"2":5},"branchMap":{"0":{"type":"branch","line":1,"loc":{"start":{"line":1,"column":7},"end":{"line":3,"column":1}},"locations":[{"start":{"line":1,"column":7},"end":{"line":3,"column":1}}]}},"b":{"0":[5]},"fnMap":{"0":{"name":"isUnauthorizedError","decl":{"start":{"line":1,"column":7},"end":{"line":3,"column":1}},"loc":{"start":{"line":1,"column":7},"end":{"line":3,"column":1}},"line":1}},"f":{"0":5}}
[...]
":25},"end":{"line":215,"column":105}},"locations":[{"start":{"line":215,"column":25},"end":{"line":215,"column":105}}]},"67":{"type":"branch","line":221,"loc":{"start":{"line":221,"column":24},"end":{"line":226,"column":6}},"locations":[{"start":{"line":221,"column":24},"end":{"line":226,"column":6}}]},"68":{"type":"branch","line":290,"loc":{"start":{"line":290,"column":0},"end":{"line":302,"column":1}},"locations":[{"start":{"line":290,"column":0},"end":{"line":302,"column":1}}]},"69":{"type":"branch","line":294,"loc":{"start":{"line":294,"column":37},"end":{"line":300,"column":3}},"locations":[{"start":{"line":294,"column":37},"end":{"line":300,"column":3}}]},"70":{"type":"branch","line":304,"loc":{"start":{"line":304,"column":0},"end":{"line":370,"column":1}},"locations":[{"start":{"line":304,"column":0},"end":{"line":370,"column":1}}]},"71":{"type":"branch","line":311,"loc":{"start":{"line":311,"column":19},"end":{"line":311,"column":43}},"locations":[{"start":{"line":311,"column":19},"end":{"line":311,"column":43}}]},"72":{"type":"branch","line":311,"loc":{"start":{"line":311,"column":43},"end":{"line":311,"column":51}},"locations":[{"start":{"line":311,"column":43},"end":{"line":311,"column":51}}]},"73":{"type":"branch","line":341,"loc":{"start":{"line":341,"column":47},"end":{"line":341,"column":71}},"locations":[{"start":{"line":341,"column":47},"end":{"line":341,"column":71}}]},"74":{"type":"branch","line":344,"loc":{"start":{"line":344,"column":61},"end":{"line":346,"column":13}},"locations":[{"start":{"line":344,"column":61},"end":{"line":346,"column":13}}]},"75":{"type":"branch","line":346,"loc":{"start":{"line":346,"column":4},"end":{"line":354,"column":5}},"locations":[{"start":{"line":346,"column":4},"end":{"line":354,"column":5}}]},"76":{"type":"branch","line":349,"loc":{"start":{"line":349,"column":23},"end":{"line":349,"column":37}},"locations":[{"start":{"line":349,"column":23},"end":{"line":349,"column":37}}]},"77":{"type":"branch","line":350,"loc":{"start":{"line":350,"column":77},"end":{"line":352,"column":7}},"locations":[{"start":{"line":350,"column":77},"end":{"line":352,"column":7}}]},"78":{"type":"branch","line":355,"loc":{"start":{"line":355,"column":2},"end":{"line":357,"column":19}},"locations":[{"start":{"line":355,"column":2},"end":{"line":357,"column":19}}]},"79":{"type":"branch","line":357,"loc":{"start":{"line":357,"column":19},"end":{"line":359,"column":3}},"locations":[{"start":{"line":357,"column":19},"end":{"line":359,"column":3}}]},"80":{"type":"branch","line":359,"loc":{"start":{"line":359,"column":2},"end":{"line":361,"column":61}},"locations":[{"start":{"line":359,"column":2},"end":{"line":361,"column":61}}]},"81":{"type":"branch","line":361,"loc":{"start":{"line":361,"column":50},"end":{"line":361,"column":64}},"locations":[{"start":{"line":361,"column":50},"end":{"line":361,"column":64}}]},"82":{"type":"branch","line":310,"loc":{"start":{"line":310,"column":48},"end":{"line":310,"column":72}},"locations":[{"start":{"line":310,"column":48},"end":{"line":310,"column":72}}]},"83":{"type":"branch","line":320,"loc":{"start":{"line":320,"column":9},"end":{"line":320,"column":41}},"locations":[{"start":{"line":320,"column":9},"end":{"line":320,"column":41}}]},"84":{"type":"branch","line":372,"loc":{"start":{"line":372,"column":0},"end":{"line":392,"column":1}},"locations":[{"start":{"line":372,"column":0},"end":{"line":392,"column":1}}]},"85":{"type":"branch","line":378,"loc":{"start":{"line":378,"column":4},"end":{"line":390,"column":5}},"locations":[{"start":{"line":378,"column":4},"end":{"line":390,"column":5}}]},"86":{"type":"branch","line":380,"loc":{"start":{"line":380,"column":37},"end":{"line":380,"column":49}},"locations":[{"start":{"line":380,"column":37},"end":{"line":380,"column":49}}]},"87":{"type":"branch","line":381,"loc":{"start":{"line":381,"column":35},"end":{"line":381,"column":69}},"locations":[{"start":{"line":381,"column":35},"end":{"line":381,"column":69}}]},"88":{"type":"branch","line":381,"loc":{"start":{"line":381,"column":58},"end":{"line":381,"column":72}},"locations":[{"start":{"line":381,"column":58},"end":{"line":381,"column":72}}]},"89":{"type":"branch","line":383,"loc":{"start":{"line":383,"column":11},"end":{"line":383,"column":51}},"locations":[{"start":{"line":383,"column":11},"end":{"line":383,"column":51}}]},"90":{"type":"branch","line":385,"loc":{"start":{"line":385,"column":6},"end":{"line":390,"column":5}},"locations":[{"start":{"line":385,"column":6},"end":{"line":390,"column":5}}]}},"b":{"0":[0],"1":[0],"2":[0],"3":[0],"4":[0],"5":[0],"6":[0],"7":[0],"8":[0],"9":[0],"10":[5],"11":[1],"12":[1],"13":[4],"14":[10],"15":[0],"16":[9],"17":[1],"18":[0],"19":[0],"20":[0],"21":[0],"22":[0],"23":[0],"24":[18],"25":[5],"26":[1],"27":[4],"28":[0],"29":[0],"30":[3],"31":[3],"32":[12],"33":[11],"34":[0],"35":[11],"36":[5],"37":[3],"38":[0],"39":[0],"40":[0],"41":[1],"42":[2],"43":[0],"44":[6],"45":[1],"46":[5],"47":[0],"48":[0],"49":[1],"50":[5],"51":[1],"52":[1],"53":[0],"54":[1],"55":[5],"56":[1],"57":[0],"58":[4],"59":[0],"60":[1],"61":[0],"62":[1],"63":[0],"64":[4],"65":[5],"66":[1],"67":[1],"68":[1],"69":[1536],"70":[3],"71":[2],"72":[1],"73":[0],"74":[2],"75":[1],"76":[0],"77":[0],"78":[2],"79":[0],"80":[2],"81":[0],"82":[2],"83":[2],"84":[3],"85":[1],"86":[0],"87":[0],"88":[0],"89":[0],"90":[0]},"fnMap":{"0":{"name":"chunkText","decl":{"start":{"line":41,"column":0},"end":{"line":46,"column":1}},"loc":{"start":{"line":41,"column":0},"end":{"line":46,"column":1}},"line":41},"1":{"name":"embedBatch","decl":{"start":{"line":48,"column":0},"end":{"line":72,"column":1}},"loc":{"start":{"line":48,"column":0},"end":{"line":72,"column":1}},"line":48},"2":{"name":"indexPdfInVectorStore","decl":{"start":{"line":74,"column":0},"end":{"line":136,"column":1}},"loc":{"start":{"line":74,"column":0},"end":{"line":136,"column":1}},"line":74},"3":{"name":"ensureUserVectors","decl":{"start":{"line":138,"column":0},"end":{"line":156,"column":1}},"loc":{"start":{"line":138,"column":0},"end":{"line":156,"column":1}},"line":138},"4":{"name":"retrieveContextForQuery","decl":{"start":{"line":158,"column":0},"end":{"line":288,"column":1}},"loc":{"start":{"line":158,"column":0},"end":{"line":288,"column":1}},"line":158},"5":{"name":"cosineSimilarity","decl":{"start":{"line":290,"column":0},"end":{"line":302,"column":1}},"loc":{"start":{"line":290,"column":0},"end":{"line":302,"column":1}},"line":290},"6":{"name":"answerWithRag","decl":{"start":{"line":304,"column":0},"end":{"line":370,"column":1}},"loc":{"start":{"line":304,"column":0},"end":{"line":370,"column":1}},"line":304},"7":{"name":"createChatCompletionWithRetry","decl":{"start":{"line":372,"column":0},"end":{"line":392,"column":1}},"loc":{"start":{"line":372,"column":0},"end":{"line":392,"column":1}},"line":372}},"f":{"0":5,"1":10,"2":5,"3":5,"4":6,"5":1,"6":3,"7":3}}
,"/Users/charan/Desktop/FOUNDATION/peergenaicertifications/RAG_FOUNDATIONAL/server/src/services/storage.ts": {"path":"/Users/charan/Desktop/FOUNDATION/peergenaicertifications/RAG_FOUNDATIONAL/server/src/services/storage.ts","all":false,"statementMap":{"0":{"start":{"line":1,"column":0},"end":{"line":1,"column":86}},"15":{"start":{"line":16,"column":0},"end":{"line":16,"column":47}},"16":{"start":{"line":17,"column":0},"end":{"line":17,"column":56}},"17":{"start":{"line":18,"column":0},"end":{"line":18,"column":29}},"18":{"start":{"line":19,"column":0},"end":{"line":19,"column":61}},"19":{"start":{"line":20,"column":0},"end":{"line":20,"column":46}},"20":{"start":{"line":21,"column":0},"end":{"line":21,"column":3}},"22":{"start":{"line":23,"column":0},"end":{"line":23,"column":57}},"23":{"start":{"line":24,"column":0},"end":{"line":24,"column":29}},"24":{"start":{"line":25,"column":0},"end":{"line":25,"column":28}},"25":{"start":{"line":26,"column":0},"end":{"line":26,"column":27}},"26":{"start":{"line":27,"column":0},"end":{"line":27,"column":66}},"27":{"start":{"line":28,"column":0},"end":{"line":28,"column":24}},"28":{"start":{"line":29,"column":0},"end":{"line":29,"column":9}},"29":{"start":{"line":30,"column":0},"end":{"line":30,"column":56}},"30":{"start":{"line":31,"column":0},"end":{"line":31,"column":68}},"31":{"start":{"line":32,"column":0},"end":{"line":32,"column":65}},"32":{"start":{"line":33,"column":0},"end":{"line":33,"column":86}},"33":{"start":{"line":34,"column":0},"end":{"line":34,"column":53}},"34":{"start":{"line":35,"column":0},"end":{"line":35,"column":21}},"35":{"start":{"line":36,"column":0},"end":{"line":36,"column":14}},"36":{"start":{"line":37,"column":0},"end":{"line":37,"column":43}},"37":{"start":{"line":38,"column":0},"end":{"line":38,"column":13}},"38":{"start":{"line":39,"column":0},"end":{"line":39,"column":21}},"39":{"start":{"line":40,"column":0},"end":{"line":40,"column":22}},"40":{"start":{"line":41,"column":0},"end":{"line":41,"column":6}},"41":{"start":{"line":42,"column":0},"end":{"line":42,"column":16}},"42":{"start":{"line":43,"column":0},"end":{"line":43,"column":3}},"44":{"start":{"line":45,"column":0},"end":{"line":45,"column":49}},"45":{"start":{"line":46,"column":0},"end":{"line":46,"column":29}},"46":{"start":{"line":47,"column":0},"end":{"line":47,"column":97}},"47":{"start":{"line":48,"column":0},"end":{"line":48,"column":36}},"48":{"start":{"line":49,"column":0},"end":{"line":49,"column":3}},"50":{"start":{"line":51,"column":0},"end":{"line":51,"column":54}},"51":{"start":{"line":52,"column":0},"end":{"line":52,"column":29}},"52":{"start":{"line":53,"column":0},"end":{"line":53,"column":60}},"53":{"start":{"line":54,"column":0},"end":{"line":54,"column":45}},"54":{"start":{"line":55,"column":0},"end":{"line":55,"column":3}},"56":{"start":{"line":57,"column":0},"end":{"line":57,"column":55}},"57":{"start":{"line":58,"column":0},"end":{"line":58,"column":29}},"58":{"start":{"line":59,"column":0},"end":{"line":59,"column":28}},"59":{"start":{"line":60,"column":0},"end":{"line":60,"column":22}},"60":{"start":{"line":61,"column":0},"end":{"line":61,"column":19}},"61":{"start":{"line":62,"column":0},"end":{"line":62,"column":9}},"62":{"start":{"line":63,"column":0},"end":{"line":63,"column":29}},"63":{"start":{"line":64,"column":0},"end":{"line":64,"column":24}},"64":{"start":{"line":65,"column":0},"end":{"line":65,"column":13}},"65":{"start":{"line":66,"column":0},"end":{"line":66,"column":54}},"66":{"start":{"line":67,"column":0},"end":{"line":67,"column":15}},"67":{"start":{"line":68,"column":0},"end":{"line":68,"column":3}},"69":{"start":{"line":70,"column":0},"end":{"line":70,"column":80}},"70":{"start":{"line":71,"column":0},"end":{"line":71,"column":29}},"71":{"start":{"line":72,"column":0},"end":{"line":72,"column":64}},"72":{"start":{"line":73,"column":0},"end":{"line":73,"column":13}},"73":{"start":{"line":74,"column":0},"end":{"line":74,"column":31}},"74":{"start":{"line":75,"column":0},"end":{"line":75,"column":33}},"75":{"start":{"line":76,"column":0},"end":{"line":76,"column":6}},"76":{"start":{"line":77,"column":0},"end":{"line":77,"column":93}},"77":{"start":{"line":78,"column":0},"end":{"line":78,"column":30}},"78":{"start":{"line":79,"column":0},"end":{"line":79,"column":3}},"80":{"start":{"line":81,"column":0},"end":{"line":81,"column":49}},"81":{"start":{"line":82,"column":0},"end":{"line":82,"column":29}},"82":{"start":{"line":83,"column":0},"end":{"line":83,"column":62}},"83":{"start":{"line":84,"column":0},"end":{"line":84,"column":34}},"84":{"start":{"line":85,"column":0},"end":{"line":85,"column":3}},"86":{"start":{"line":87,"column":0},"end":{"line":87,"column":67}},"87":{"start":{"line":88,"column":0},"end":{"line":88,"column":29}},"88":{"start":{"line":89,"column":0},"end":{"line":89,"column":25}},"89":{"start":{"line":90,"column":0},"end":{"line":90,"column":25}},"90":{"start":{"line":91,"column":0},"end":{"line":91,"column":13}},"91":{"start":{"line":92,"column":0},"end":{"line":92,"column":15}},"92":{"start":{"line":93,"column":0},"end":{"line":93,"column":14}},"93":{"start":{"line":94,"column":0},"end":{"line":94,"column":61}},"94":{"start":{"line":95,"column":0},"end":{"line":95,"column":62}},"95":{"start":{"line":96,"column":0},"end":{"line":96,"column":57}},"96":{"start":{"line":97,"column":0},"end":{"line":97,"column":10}},"97":{"start":{"line":98,"column":0},"end":{"line":98,"column":8}},"98":{"start":{"line":99,"column":0},"end":{"line":99,"column":31}},"99":{"start":{"line":100,"column":0},"end":{"line":100,"column":17}},"100":{"start":{"line":101,"column":0},"end":{"line":101,"column":36}},"101":{"start":{"line":102,"column":0},"end":{"line":102,"column":3}},"102":{"start":{"line":103,"column":0},"end":{"line":103,"column":1}},"104":{"start":{"line":105,"column":0},"end":{"line":105,"column":42}}},"s":{"0":1,"15":1,"16":1,"17":2,"18":2,"19":2,"20":2,"22":1,"23":2,"24":2,"25":2,"26":2,"27":2,"28":2,"29":2,"30":2,"31":2,"32":2,"33":2,"34":2,"35":2,"36":2,"37":2,"38":2,"39":2,"40":2,"41":2,"42":2,"44":1,"45":2,"46":2,"47":2,"48":2,"50":1,"51":2,"52":2,"53":2,"54":2,"56":1,"57":1,"58":1,"59":1,"60":1,"61":1,"62":1,"63":1,"64":1,"65":1,"66":1,"67":1,"69":1,"70":2,"71":2,"72":2,"73":2,"74":2,"75":2,"76":2,"77":2,"78":2,"80":1,"81":2,"82":2,"83":2,"84":2,"86":1,"87":2,"88":2,"89":2,"90":2,"91":2,"92":2,"93":2,"94":2,"95":2,"96":2,"97":2,"98":2,"99":2,"100":2,"101":2,"102":1,"104":1},"branchMap":{"0":{"type":"branch","line":17,"loc":{"start":{"line":17,"column":2},"end":{"line":21,"column":3}},"locations":[{"start":{"line":17,"column":2},"end":{"line":21,"column":3}}]},"1":{"type":"branch","line":23,"loc":{"start":{"line":23,"column":2},"end":{"line":43,"column":3}},"locations":[{"start":{"line":23,"column":2},"end":{"line":43,"column":3}}]},"2":{"type":"branch","line":30,"loc":{"start":{"line":30,"column":22},"end":{"line":30,"column":56}},"locations":[{"start":{"line":30,"column":22},"end":{"line":30,"column":56}}]},"3":{"type":"branch","line":31,"loc":{"start":{"line":31,"column":26},"end":{"line":31,"column":68}},"locations":[{"start":{"line":31,"column":26},"end":{"line":31,"column":68}}]},"4":{"type":"branch","line":32,"loc":{"start":{"line":32,"column":25},"end":{"line":32,"column":65}},"locations":[{"start":{"line":32,"column":25},"end":{"line":32,"column":65}}]},"5":{"type":"branch","line":33,"loc":{"start":{"line":33,"column":52},"end":{"line":33,"column":86}},"locations":[{"start":{"line":33,"column":52},"end":{"line":33,"column":86}}]},"6":{"type":"branch","line":34,"loc":{"start":{"line":34,"column":18},"end":{"line":34,"column":49}},"locations":[{"start":{"line":34,"column":18},"end":{"line":34,"column":49}}]},"7":{"type":"branch","line":34,"loc":{"start":{"line":34,"column":36},"end":{"line":34,"column":53}},"locations":[{"start":{"line":34,"column":36},"end":{"line":34,"column":53}}]},"8":{"type":"branch","line":45,"loc":{"start":{"line":45,"column":2},"end":{"line":49,"column":3}},"locations":[{"start":{"line":45,"column":2},"end":{"line":49,"column":3}}]},"9":{"type":"branch","line":51,"loc":{"start":{"line":51,"column":2},"end":{"line":55,"column":3}},"locations":[{"start":{"line":51,"column":2},"end":{"line":55,"column":3}}]},"10":{"type":"branch","line":57,"loc":{"start":{"line":57,"column":2},"end":{"line":68,"column":3}},"locations":[{"start":{"line":57,"column":2},"end":{"line":68,"column":3}}]},"11":{"type":"branch","line":70,"loc":{"start":{"line":70,"column":2},"end":{"line":79,"column":3}},"locations":[{"start":{"line":70,"column":2},"end":{"line":79,"column":3}}]},"12":{"type":"branch","line":77,"loc":{"start":{"line":77,"column":65},"end":{"line":77,"column":93}},"locations":[{"start":{"line":77,"column":65},"end":{"line":77,"column":93}}]},"13":{"type":"branch","line":78,"loc":{"start":{"line":78,"column":11},"end":{"line":78,"column":30}},"locations":[{"start":{"line":78,"column":11},"end":{"line":78,"column":30}}]},"14":{"type":"branch","line":81,"loc":{"start":{"line":81,"column":2},"end":{"line":85,"column":3}},"locations":[{"start":{"line":81,"column":2},"end":{"line":85,"column":3}}]},"15":{"type":"branch","line":87,"loc":{"start":{"line":87,"column":2},"end":{"line":102,"column":3}},"locations":[{"start":{"line":87,"column":2},"end":{"line":102,"column":3}}]}},"b":{"0":[2],"1":[2],"2":[0],"3":[0],"4":[1],"5":[1],"6":[1],"7":[1],"8":[2],"9":[2],"10":[1],"11":[2],"12":[0],"13":[1],"14":[2],"15":[2]},"fnMap":{"0":{"name":"getUser","decl":{"start":{"line":17,"column":2},"end":{"line":21,"column":3}},"loc":{"start":{"line":17,"column":2},"end":{"line":21,"column":3}},"line":17},"1":{"name":"upsertUser","decl":{"start":{"line":23,"column":2},"end":{"line":43,"column":3}},"loc":{"start":{"line":23,"column":2},"end":{"line":43,"column":3}},"line":23},"2":{"name":"getPdfs","decl":{"start":{"line":45,"column":2},"end":{"line":49,"column":3}},"loc":{"start":{"line":45,"column":2},"end":{"line":49,"column":3}},"line":45},"3":{"name":"getPdf","decl":{"start":{"line":51,"column":2},"end":{"line":55,"column":3}},"loc":{"start":{"line":51,"column":2},"end":{"line":55,"column":3}},"line":51},"4":{"name":"createPdf","decl":{"start":{"line":57,"column":2},"end":{"line":68,"column":3}},"loc":{"start":{"line":57,"column":2},"end":{"line":68,"column":3}},"line":57},"5":{"name":"updatePdf","decl":{"start":{"line":70,"column":2},"end":{"line":79,"column":3}},"loc":{"start":{"line":70,"column":2},"end":{"line":79,"column":3}},"line":70},"6":{"name":"deletePdf","decl":{"start":{"line":81,"column":2},"end":{"line":85,"column":3}},"loc":{"start":{"line":81,"column":2},"end":{"line":85,"column":3}},"line":81},"7":{"name":"searchPdfs","decl":{"start":{"line":87,"column":2},"end":{"line":102,"column":3}},"loc":{"start":{"line":87,"column":2},"end":{"line":102,"column":3}},"line":87}},"f":{"0":2,"1":2,"2":2,"3":2,"4":1,"5":2,"6":2,"7":2}}
,"/Users/charan/Desktop/FOUNDATION/peergenaicertifications/RAG_FOUNDATIONAL/server/src/utils/logger.ts": {"path":"/Users/charan/Desktop/FOUNDATION/peergenaicertifications/RAG_FOUNDATIONAL/server/src/utils/logger.ts","all":false,"statementMap":{"0":{"start":{"line":1,"column":0},"end":{"line":1,"column":24}},"2":{"start":{"line":3,"column":0},"end":{"line":3,"column":53}},"3":{"start":{"line":4,"column":0},"end":{"line":4,"column":67}},"5":{"start":{"line":6,"column":0},"end":{"line":6,"column":28}},"6":{"start":{"line":7,"column":0},"end":{"line":7,"column":8}},"7":{"start":{"line":8,"column":0},"end":{"line":8,"column":18}},"8":{"start":{"line":9,"column":0},"end":{"line":9,"column":43}},"9":{"start":{"line":10,"column":0},"end":{"line":10,"column":19}},"10":{"start":{"line":11,"column":0},"end":{"line":11,"column":15}},"11":{"start":{"line":12,"column":0},"end":{"line":12,"column":7}},"12":{"start":{"line":13,"column":0},"end":{"line":13,"column":30}},"13":{"start":{"line":14,"column":0},"end":{"line":14,"column":18}},"14":{"start":{"line":15,"column":0},"end":{"line":15,"column":25}},"15":{"start":{"line":16,"column":0},"end":{"line":16,"column":40}},"16":{"start":{"line":17,"column":0},"end":{"line":17,"column":27}},"17":{"start":{"line":18,"column":0},"end":{"line":18,"column":10}},"18":{"start":{"line":19,"column":0},"end":{"line":19,"column":8}},"19":{"start":{"line":20,"column":0},"end":{"line":20,"column":3}}},"s":{"0":1,"2":1,"3":1,"5":1,"6":1,"7":1,"8":1,"9":1,"10":0,"11":1,"12":1,"13":1,"14":1,"15":1,"16":1,"17":1,"18":1,"19":1},"branchMap":{"0":{"type":"branch","line":4,"loc":{"start":{"line":4,"column":26},"end":{"line":4,"column":67}},"locations":[{"start":{"line":4,"column":26},"end":{"line":4,"column":67}}]},"1":{"type":"branch","line":4,"loc":{"start":{"line":4,"column":40},"end":{"line":4,"column":58}},"locations":[{"start":{"line":4,"column":40},"end":{"line":4,"column":58}}]},"2":{"type":"branch","line":10,"loc":{"start":{"line":10,"column":13},"end":{"line":11,"column":15}},"locations":[{"start":{"line":10,"column":13},"end":{"line":11,"column":15}}]}},"b":{"0":[1],"1":[0],"2":[0]},"fnMap":{},"f":{}}
}
